{"C:\\Users\\jaswa\\Downloads\\Prefinal\\backend\\database.js": {"path":"C:\\Users\\jaswa\\Downloads\\Prefinal\\backend\\database.js","statementMap":{"0":{"start":{"line":6,"column":17},"end":{"line":6,"column":30}},"1":{"start":{"line":7,"column":0},"end":{"line":7,"column":27}},"2":{"start":{"line":10,"column":13},"end":{"line":19,"column":2}},"3":{"start":{"line":22,"column":0},"end":{"line":24,"column":3}},"4":{"start":{"line":23,"column":2},"end":{"line":23,"column":43}},"5":{"start":{"line":27,"column":0},"end":{"line":29,"column":3}},"6":{"start":{"line":28,"column":2},"end":{"line":28,"column":58}},"7":{"start":{"line":32,"column":0},"end":{"line":35,"column":2}},"8":{"start":{"line":33,"column":27},"end":{"line":33,"column":51}}},"fnMap":{"0":{"name":"(anonymous_0)","decl":{"start":{"line":22,"column":19},"end":{"line":22,"column":20}},"loc":{"start":{"line":22,"column":25},"end":{"line":24,"column":1}},"line":22},"1":{"name":"(anonymous_1)","decl":{"start":{"line":27,"column":17},"end":{"line":27,"column":18}},"loc":{"start":{"line":27,"column":26},"end":{"line":29,"column":1}},"line":27},"2":{"name":"(anonymous_2)","decl":{"start":{"line":33,"column":9},"end":{"line":33,"column":10}},"loc":{"start":{"line":33,"column":27},"end":{"line":33,"column":51}},"line":33}},"branchMap":{"0":{"loc":{"start":{"line":11,"column":8},"end":{"line":11,"column":41}},"type":"binary-expr","locations":[{"start":{"line":11,"column":8},"end":{"line":11,"column":27}},{"start":{"line":11,"column":31},"end":{"line":11,"column":41}}],"line":11},"1":{"loc":{"start":{"line":12,"column":12},"end":{"line":12,"column":49}},"type":"binary-expr","locations":[{"start":{"line":12,"column":12},"end":{"line":12,"column":35}},{"start":{"line":12,"column":39},"end":{"line":12,"column":49}}],"line":12},"2":{"loc":{"start":{"line":13,"column":8},"end":{"line":13,"column":42}},"type":"binary-expr","locations":[{"start":{"line":13,"column":8},"end":{"line":13,"column":27}},{"start":{"line":13,"column":31},"end":{"line":13,"column":42}}],"line":13},"3":{"loc":{"start":{"line":14,"column":8},"end":{"line":14,"column":35}},"type":"binary-expr","locations":[{"start":{"line":14,"column":8},"end":{"line":14,"column":27}},{"start":{"line":14,"column":31},"end":{"line":14,"column":35}}],"line":14},"4":{"loc":{"start":{"line":15,"column":12},"end":{"line":15,"column":49}},"type":"binary-expr","locations":[{"start":{"line":15,"column":12},"end":{"line":15,"column":31}},{"start":{"line":15,"column":35},"end":{"line":15,"column":49}}],"line":15}},"s":{"0":1,"1":1,"2":1,"3":1,"4":0,"5":1,"6":0,"7":1,"8":0},"f":{"0":0,"1":0,"2":0},"b":{"0":[1,0],"1":[1,0],"2":[1,0],"3":[1,0],"4":[1,0]},"_coverageSchema":"1a1c01bbd47fc00a2c39e90264f33305004495a9","hash":"dd42a6fbea0bd1a189ee6dd51d8cd57ea86a07b2"}
,"C:\\Users\\jaswa\\Downloads\\Prefinal\\backend\\server.js": {"path":"C:\\Users\\jaswa\\Downloads\\Prefinal\\backend\\server.js","statementMap":{"0":{"start":{"line":4,"column":0},"end":{"line":4,"column":27}},"1":{"start":{"line":5,"column":16},"end":{"line":5,"column":34}},"2":{"start":{"line":6,"column":13},"end":{"line":6,"column":28}},"3":{"start":{"line":7,"column":15},"end":{"line":7,"column":32}},"4":{"start":{"line":8,"column":15},"end":{"line":8,"column":32}},"5":{"start":{"line":9,"column":20},"end":{"line":9,"column":42}},"6":{"start":{"line":16,"column":24},"end":{"line":16,"column":38}},"7":{"start":{"line":17,"column":0},"end":{"line":24,"column":1}},"8":{"start":{"line":18,"column":2},"end":{"line":20,"column":3}},"9":{"start":{"line":19,"column":4},"end":{"line":19,"column":75}},"10":{"start":{"line":21,"column":2},"end":{"line":23,"column":3}},"11":{"start":{"line":22,"column":4},"end":{"line":22,"column":75}},"12":{"start":{"line":27,"column":0},"end":{"line":31,"column":1}},"13":{"start":{"line":28,"column":2},"end":{"line":30,"column":4}},"14":{"start":{"line":34,"column":12},"end":{"line":34,"column":21}},"15":{"start":{"line":41,"column":0},"end":{"line":57,"column":2}},"16":{"start":{"line":60,"column":0},"end":{"line":67,"column":2}},"17":{"start":{"line":70,"column":0},"end":{"line":81,"column":1}},"18":{"start":{"line":71,"column":2},"end":{"line":80,"column":5}},"19":{"start":{"line":72,"column":4},"end":{"line":78,"column":5}},"20":{"start":{"line":73,"column":6},"end":{"line":77,"column":9}},"21":{"start":{"line":79,"column":4},"end":{"line":79,"column":11}},"22":{"start":{"line":84,"column":0},"end":{"line":84,"column":42}},"23":{"start":{"line":85,"column":0},"end":{"line":85,"column":64}},"24":{"start":{"line":88,"column":0},"end":{"line":88,"column":23}},"25":{"start":{"line":91,"column":0},"end":{"line":91,"column":28}},"26":{"start":{"line":97,"column":0},"end":{"line":109,"column":3}},"27":{"start":{"line":98,"column":2},"end":{"line":98,"column":31}},"28":{"start":{"line":100,"column":21},"end":{"line":100,"column":42}},"29":{"start":{"line":101,"column":18},"end":{"line":101,"column":56}},"30":{"start":{"line":103,"column":2},"end":{"line":108,"column":5}},"31":{"start":{"line":116,"column":0},"end":{"line":122,"column":3}},"32":{"start":{"line":117,"column":2},"end":{"line":121,"column":5}},"33":{"start":{"line":125,"column":0},"end":{"line":125,"column":43}},"34":{"start":{"line":128,"column":0},"end":{"line":128,"column":47}},"35":{"start":{"line":129,"column":0},"end":{"line":129,"column":51}},"36":{"start":{"line":141,"column":0},"end":{"line":148,"column":3}},"37":{"start":{"line":142,"column":2},"end":{"line":147,"column":5}},"38":{"start":{"line":154,"column":13},"end":{"line":154,"column":37}},"39":{"start":{"line":157,"column":0},"end":{"line":165,"column":1}},"40":{"start":{"line":158,"column":2},"end":{"line":164,"column":5}},"41":{"start":{"line":159,"column":4},"end":{"line":159,"column":39}},"42":{"start":{"line":160,"column":4},"end":{"line":160,"column":60}},"43":{"start":{"line":161,"column":4},"end":{"line":161,"column":62}},"44":{"start":{"line":162,"column":4},"end":{"line":162,"column":73}},"45":{"start":{"line":163,"column":4},"end":{"line":163,"column":39}},"46":{"start":{"line":167,"column":0},"end":{"line":167,"column":21}}},"fnMap":{"0":{"name":"(anonymous_0)","decl":{"start":{"line":71,"column":10},"end":{"line":71,"column":11}},"loc":{"start":{"line":71,"column":30},"end":{"line":80,"column":3}},"line":71},"1":{"name":"(anonymous_1)","decl":{"start":{"line":97,"column":8},"end":{"line":97,"column":9}},"loc":{"start":{"line":97,"column":34},"end":{"line":109,"column":1}},"line":97},"2":{"name":"(anonymous_2)","decl":{"start":{"line":116,"column":19},"end":{"line":116,"column":20}},"loc":{"start":{"line":116,"column":33},"end":{"line":122,"column":1}},"line":116},"3":{"name":"(anonymous_3)","decl":{"start":{"line":141,"column":8},"end":{"line":141,"column":9}},"loc":{"start":{"line":141,"column":22},"end":{"line":148,"column":1}},"line":141},"4":{"name":"(anonymous_4)","decl":{"start":{"line":158,"column":19},"end":{"line":158,"column":20}},"loc":{"start":{"line":158,"column":25},"end":{"line":164,"column":3}},"line":158}},"branchMap":{"0":{"loc":{"start":{"line":18,"column":2},"end":{"line":20,"column":3}},"type":"if","locations":[{"start":{"line":18,"column":2},"end":{"line":20,"column":3}},{"start":{},"end":{}}],"line":18},"1":{"loc":{"start":{"line":21,"column":2},"end":{"line":23,"column":3}},"type":"if","locations":[{"start":{"line":21,"column":2},"end":{"line":23,"column":3}},{"start":{},"end":{}}],"line":21},"2":{"loc":{"start":{"line":21,"column":6},"end":{"line":21,"column":64}},"type":"binary-expr","locations":[{"start":{"line":21,"column":6},"end":{"line":21,"column":29}},{"start":{"line":21,"column":33},"end":{"line":21,"column":64}}],"line":21},"3":{"loc":{"start":{"line":27,"column":0},"end":{"line":31,"column":1}},"type":"if","locations":[{"start":{"line":27,"column":0},"end":{"line":31,"column":1}},{"start":{},"end":{}}],"line":27},"4":{"loc":{"start":{"line":27,"column":4},"end":{"line":27,"column":69}},"type":"binary-expr","locations":[{"start":{"line":27,"column":4},"end":{"line":27,"column":41}},{"start":{"line":27,"column":45},"end":{"line":27,"column":69}}],"line":27},"5":{"loc":{"start":{"line":62,"column":12},"end":{"line":62,"column":62}},"type":"binary-expr","locations":[{"start":{"line":62,"column":12},"end":{"line":62,"column":35}},{"start":{"line":62,"column":39},"end":{"line":62,"column":62}}],"line":62},"6":{"loc":{"start":{"line":70,"column":0},"end":{"line":81,"column":1}},"type":"if","locations":[{"start":{"line":70,"column":0},"end":{"line":81,"column":1}},{"start":{},"end":{}}],"line":70},"7":{"loc":{"start":{"line":72,"column":4},"end":{"line":78,"column":5}},"type":"if","locations":[{"start":{"line":72,"column":4},"end":{"line":78,"column":5}},{"start":{},"end":{}}],"line":72},"8":{"loc":{"start":{"line":72,"column":8},"end":{"line":72,"column":63}},"type":"binary-expr","locations":[{"start":{"line":72,"column":8},"end":{"line":72,"column":19}},{"start":{"line":72,"column":23},"end":{"line":72,"column":63}}],"line":72},"9":{"loc":{"start":{"line":100,"column":21},"end":{"line":100,"column":42}},"type":"binary-expr","locations":[{"start":{"line":100,"column":21},"end":{"line":100,"column":35}},{"start":{"line":100,"column":39},"end":{"line":100,"column":42}}],"line":100},"10":{"loc":{"start":{"line":101,"column":18},"end":{"line":101,"column":56}},"type":"binary-expr","locations":[{"start":{"line":101,"column":18},"end":{"line":101,"column":29}},{"start":{"line":101,"column":33},"end":{"line":101,"column":56}}],"line":101},"11":{"loc":{"start":{"line":154,"column":13},"end":{"line":154,"column":37}},"type":"binary-expr","locations":[{"start":{"line":154,"column":13},"end":{"line":154,"column":29}},{"start":{"line":154,"column":33},"end":{"line":154,"column":37}}],"line":154},"12":{"loc":{"start":{"line":157,"column":0},"end":{"line":165,"column":1}},"type":"if","locations":[{"start":{"line":157,"column":0},"end":{"line":165,"column":1}},{"start":{},"end":{}}],"line":157},"13":{"loc":{"start":{"line":162,"column":32},"end":{"line":162,"column":69}},"type":"binary-expr","locations":[{"start":{"line":162,"column":32},"end":{"line":162,"column":52}},{"start":{"line":162,"column":56},"end":{"line":162,"column":69}}],"line":162}},"s":{"0":1,"1":1,"2":1,"3":1,"4":1,"5":1,"6":1,"7":1,"8":1,"9":0,"10":1,"11":0,"12":1,"13":0,"14":1,"15":1,"16":1,"17":1,"18":0,"19":0,"20":0,"21":0,"22":1,"23":1,"24":1,"25":1,"26":1,"27":0,"28":0,"29":0,"30":0,"31":1,"32":0,"33":1,"34":1,"35":1,"36":1,"37":0,"38":1,"39":1,"40":0,"41":0,"42":0,"43":0,"44":0,"45":0,"46":1},"f":{"0":0,"1":0,"2":0,"3":0,"4":0},"b":{"0":[0,1],"1":[0,1],"2":[1,1],"3":[0,1],"4":[1,0],"5":[1,0],"6":[0,1],"7":[0,0],"8":[0,0],"9":[0,0],"10":[0,0],"11":[1,0],"12":[0,1],"13":[0,0]},"_coverageSchema":"1a1c01bbd47fc00a2c39e90264f33305004495a9","hash":"8ac67c20c698778f5ae10292cc919755df086c3b"}
,"C:\\Users\\jaswa\\Downloads\\Prefinal\\backend\\middleware\\auth.js": {"path":"C:\\Users\\jaswa\\Downloads\\Prefinal\\backend\\middleware\\auth.js","statementMap":{"0":{"start":{"line":4,"column":20},"end":{"line":4,"column":54}},"1":{"start":{"line":9,"column":20},"end":{"line":42,"column":1}},"2":{"start":{"line":10,"column":2},"end":{"line":41,"column":3}},"3":{"start":{"line":11,"column":23},"end":{"line":11,"column":48}},"4":{"start":{"line":13,"column":4},"end":{"line":19,"column":5}},"5":{"start":{"line":14,"column":6},"end":{"line":18,"column":9}},"6":{"start":{"line":21,"column":18},"end":{"line":21,"column":41}},"7":{"start":{"line":23,"column":4},"end":{"line":34,"column":5}},"8":{"start":{"line":24,"column":22},"end":{"line":24,"column":58}},"9":{"start":{"line":25,"column":6},"end":{"line":25,"column":25}},"10":{"start":{"line":26,"column":6},"end":{"line":26,"column":24}},"11":{"start":{"line":27,"column":6},"end":{"line":27,"column":13}},"12":{"start":{"line":29,"column":6},"end":{"line":33,"column":9}},"13":{"start":{"line":36,"column":4},"end":{"line":40,"column":7}},"14":{"start":{"line":47,"column":19},"end":{"line":67,"column":1}},"15":{"start":{"line":48,"column":2},"end":{"line":66,"column":4}},"16":{"start":{"line":49,"column":4},"end":{"line":55,"column":5}},"17":{"start":{"line":50,"column":6},"end":{"line":54,"column":9}},"18":{"start":{"line":57,"column":4},"end":{"line":63,"column":5}},"19":{"start":{"line":58,"column":6},"end":{"line":62,"column":9}},"20":{"start":{"line":65,"column":4},"end":{"line":65,"column":11}},"21":{"start":{"line":72,"column":18},"end":{"line":106,"column":1}},"22":{"start":{"line":73,"column":16},"end":{"line":73,"column":25}},"23":{"start":{"line":75,"column":2},"end":{"line":105,"column":4}},"24":{"start":{"line":76,"column":16},"end":{"line":76,"column":22}},"25":{"start":{"line":77,"column":16},"end":{"line":77,"column":26}},"26":{"start":{"line":79,"column":4},"end":{"line":81,"column":5}},"27":{"start":{"line":80,"column":6},"end":{"line":80,"column":25}},"28":{"start":{"line":83,"column":21},"end":{"line":83,"column":35}},"29":{"start":{"line":86,"column":27},"end":{"line":86,"column":73}},"30":{"start":{"line":86,"column":51},"end":{"line":86,"column":72}},"31":{"start":{"line":88,"column":4},"end":{"line":95,"column":5}},"32":{"start":{"line":89,"column":6},"end":{"line":94,"column":9}},"33":{"start":{"line":97,"column":4},"end":{"line":97,"column":29}},"34":{"start":{"line":98,"column":4},"end":{"line":98,"column":35}},"35":{"start":{"line":100,"column":4},"end":{"line":100,"column":40}},"36":{"start":{"line":101,"column":4},"end":{"line":101,"column":68}},"37":{"start":{"line":102,"column":4},"end":{"line":102,"column":73}},"38":{"start":{"line":104,"column":4},"end":{"line":104,"column":11}},"39":{"start":{"line":111,"column":24},"end":{"line":146,"column":1}},"40":{"start":{"line":112,"column":2},"end":{"line":145,"column":4}},"41":{"start":{"line":114,"column":4},"end":{"line":144,"column":5}},"42":{"start":{"line":116,"column":6},"end":{"line":124,"column":7}},"43":{"start":{"line":117,"column":8},"end":{"line":123,"column":9}},"44":{"start":{"line":118,"column":10},"end":{"line":122,"column":13}},"45":{"start":{"line":127,"column":6},"end":{"line":135,"column":7}},"46":{"start":{"line":128,"column":8},"end":{"line":134,"column":9}},"47":{"start":{"line":129,"column":10},"end":{"line":133,"column":13}},"48":{"start":{"line":137,"column":6},"end":{"line":137,"column":13}},"49":{"start":{"line":139,"column":6},"end":{"line":143,"column":9}},"50":{"start":{"line":148,"column":0},"end":{"line":153,"column":2}}},"fnMap":{"0":{"name":"(anonymous_0)","decl":{"start":{"line":9,"column":20},"end":{"line":9,"column":21}},"loc":{"start":{"line":9,"column":40},"end":{"line":42,"column":1}},"line":9},"1":{"name":"(anonymous_1)","decl":{"start":{"line":47,"column":19},"end":{"line":47,"column":20}},"loc":{"start":{"line":47,"column":42},"end":{"line":67,"column":1}},"line":47},"2":{"name":"(anonymous_2)","decl":{"start":{"line":48,"column":9},"end":{"line":48,"column":10}},"loc":{"start":{"line":48,"column":29},"end":{"line":66,"column":3}},"line":48},"3":{"name":"(anonymous_3)","decl":{"start":{"line":72,"column":18},"end":{"line":72,"column":19}},"loc":{"start":{"line":72,"column":53},"end":{"line":106,"column":1}},"line":72},"4":{"name":"(anonymous_4)","decl":{"start":{"line":75,"column":9},"end":{"line":75,"column":10}},"loc":{"start":{"line":75,"column":29},"end":{"line":105,"column":3}},"line":75},"5":{"name":"(anonymous_5)","decl":{"start":{"line":86,"column":43},"end":{"line":86,"column":44}},"loc":{"start":{"line":86,"column":51},"end":{"line":86,"column":72}},"line":86},"6":{"name":"(anonymous_6)","decl":{"start":{"line":111,"column":24},"end":{"line":111,"column":25}},"loc":{"start":{"line":111,"column":36},"end":{"line":146,"column":1}},"line":111},"7":{"name":"(anonymous_7)","decl":{"start":{"line":112,"column":9},"end":{"line":112,"column":10}},"loc":{"start":{"line":112,"column":29},"end":{"line":145,"column":3}},"line":112}},"branchMap":{"0":{"loc":{"start":{"line":13,"column":4},"end":{"line":19,"column":5}},"type":"if","locations":[{"start":{"line":13,"column":4},"end":{"line":19,"column":5}},{"start":{},"end":{}}],"line":13},"1":{"loc":{"start":{"line":13,"column":8},"end":{"line":13,"column":56}},"type":"binary-expr","locations":[{"start":{"line":13,"column":8},"end":{"line":13,"column":19}},{"start":{"line":13,"column":23},"end":{"line":13,"column":56}}],"line":13},"2":{"loc":{"start":{"line":47,"column":20},"end":{"line":47,"column":37}},"type":"default-arg","locations":[{"start":{"line":47,"column":35},"end":{"line":47,"column":37}}],"line":47},"3":{"loc":{"start":{"line":49,"column":4},"end":{"line":55,"column":5}},"type":"if","locations":[{"start":{"line":49,"column":4},"end":{"line":55,"column":5}},{"start":{},"end":{}}],"line":49},"4":{"loc":{"start":{"line":57,"column":4},"end":{"line":63,"column":5}},"type":"if","locations":[{"start":{"line":57,"column":4},"end":{"line":63,"column":5}},{"start":{},"end":{}}],"line":57},"5":{"loc":{"start":{"line":72,"column":19},"end":{"line":72,"column":30}},"type":"default-arg","locations":[{"start":{"line":72,"column":27},"end":{"line":72,"column":30}}],"line":72},"6":{"loc":{"start":{"line":72,"column":32},"end":{"line":72,"column":48}},"type":"default-arg","locations":[{"start":{"line":72,"column":43},"end":{"line":72,"column":48}}],"line":72},"7":{"loc":{"start":{"line":79,"column":4},"end":{"line":81,"column":5}},"type":"if","locations":[{"start":{"line":79,"column":4},"end":{"line":81,"column":5}},{"start":{},"end":{}}],"line":79},"8":{"loc":{"start":{"line":88,"column":4},"end":{"line":95,"column":5}},"type":"if","locations":[{"start":{"line":88,"column":4},"end":{"line":95,"column":5}},{"start":{},"end":{}}],"line":88},"9":{"loc":{"start":{"line":116,"column":26},"end":{"line":116,"column":47}},"type":"binary-expr","locations":[{"start":{"line":116,"column":26},"end":{"line":116,"column":41}},{"start":{"line":116,"column":45},"end":{"line":116,"column":47}}],"line":116},"10":{"loc":{"start":{"line":117,"column":8},"end":{"line":123,"column":9}},"type":"if","locations":[{"start":{"line":117,"column":8},"end":{"line":123,"column":9}},{"start":{},"end":{}}],"line":117},"11":{"loc":{"start":{"line":127,"column":49},"end":{"line":127,"column":67}},"type":"binary-expr","locations":[{"start":{"line":127,"column":49},"end":{"line":127,"column":61}},{"start":{"line":127,"column":65},"end":{"line":127,"column":67}}],"line":127},"12":{"loc":{"start":{"line":128,"column":8},"end":{"line":134,"column":9}},"type":"if","locations":[{"start":{"line":128,"column":8},"end":{"line":134,"column":9}},{"start":{},"end":{}}],"line":128},"13":{"loc":{"start":{"line":128,"column":12},"end":{"line":128,"column":62}},"type":"binary-expr","locations":[{"start":{"line":128,"column":12},"end":{"line":128,"column":27}},{"start":{"line":128,"column":31},"end":{"line":128,"column":62}}],"line":128}},"s":{"0":1,"1":1,"2":4,"3":4,"4":4,"5":0,"6":4,"7":4,"8":4,"9":4,"10":4,"11":4,"12":0,"13":0,"14":1,"15":3,"16":2,"17":0,"18":2,"19":0,"20":2,"21":1,"22":0,"23":0,"24":0,"25":0,"26":0,"27":0,"28":0,"29":0,"30":0,"31":0,"32":0,"33":0,"34":0,"35":0,"36":0,"37":0,"38":0,"39":1,"40":0,"41":0,"42":0,"43":0,"44":0,"45":0,"46":0,"47":0,"48":0,"49":0,"50":1},"f":{"0":4,"1":3,"2":2,"3":0,"4":0,"5":0,"6":0,"7":0},"b":{"0":[0,4],"1":[4,4],"2":[0],"3":[0,2],"4":[0,2],"5":[0],"6":[0],"7":[0,0],"8":[0,0],"9":[0,0],"10":[0,0],"11":[0,0],"12":[0,0],"13":[0,0]},"_coverageSchema":"1a1c01bbd47fc00a2c39e90264f33305004495a9","hash":"85ea34688219ce3b5384c580077bd340f3a05091"}
,"C:\\Users\\jaswa\\Downloads\\Prefinal\\backend\\routes\\auth.js": {"path":"C:\\Users\\jaswa\\Downloads\\Prefinal\\backend\\routes\\auth.js","statementMap":{"0":{"start":{"line":1,"column":16},"end":{"line":1,"column":34}},"1":{"start":{"line":2,"column":15},"end":{"line":2,"column":31}},"2":{"start":{"line":3,"column":11},"end":{"line":3,"column":33}},"3":{"start":{"line":4,"column":20},"end":{"line":4,"column":54}},"4":{"start":{"line":7,"column":0},"end":{"line":78,"column":3}},"5":{"start":{"line":8,"column":2},"end":{"line":77,"column":3}},"6":{"start":{"line":9,"column":43},"end":{"line":9,"column":51}},"7":{"start":{"line":11,"column":4},"end":{"line":13,"column":5}},"8":{"start":{"line":12,"column":6},"end":{"line":12,"column":76}},"9":{"start":{"line":15,"column":4},"end":{"line":17,"column":5}},"10":{"start":{"line":16,"column":6},"end":{"line":16,"column":69}},"11":{"start":{"line":19,"column":32},"end":{"line":19,"column":70}},"12":{"start":{"line":20,"column":4},"end":{"line":22,"column":5}},"13":{"start":{"line":21,"column":6},"end":{"line":21,"column":79}},"14":{"start":{"line":25,"column":19},"end":{"line":27,"column":6}},"15":{"start":{"line":28,"column":4},"end":{"line":30,"column":5}},"16":{"start":{"line":29,"column":6},"end":{"line":29,"column":68}},"17":{"start":{"line":32,"column":25},"end":{"line":32,"column":65}},"18":{"start":{"line":34,"column":20},"end":{"line":38,"column":5}},"19":{"start":{"line":40,"column":19},"end":{"line":44,"column":6}},"20":{"start":{"line":45,"column":17},"end":{"line":45,"column":31}},"21":{"start":{"line":47,"column":20},"end":{"line":47,"column":69}},"22":{"start":{"line":48,"column":24},"end":{"line":48,"column":64}},"23":{"start":{"line":49,"column":25},"end":{"line":49,"column":66}},"24":{"start":{"line":52,"column":26},"end":{"line":52,"column":61}},"25":{"start":{"line":53,"column":22},"end":{"line":53,"column":65}},"26":{"start":{"line":54,"column":4},"end":{"line":58,"column":6}},"27":{"start":{"line":60,"column":4},"end":{"line":67,"column":9}},"28":{"start":{"line":69,"column":4},"end":{"line":69,"column":49}},"29":{"start":{"line":70,"column":4},"end":{"line":76,"column":9}},"30":{"start":{"line":81,"column":0},"end":{"line":121,"column":3}},"31":{"start":{"line":82,"column":2},"end":{"line":120,"column":3}},"32":{"start":{"line":83,"column":32},"end":{"line":83,"column":40}},"33":{"start":{"line":84,"column":4},"end":{"line":85,"column":76}},"34":{"start":{"line":85,"column":6},"end":{"line":85,"column":76}},"35":{"start":{"line":87,"column":14},"end":{"line":87,"column":86}},"36":{"start":{"line":88,"column":19},"end":{"line":88,"column":45}},"37":{"start":{"line":89,"column":4},"end":{"line":90,"column":68}},"38":{"start":{"line":90,"column":6},"end":{"line":90,"column":68}},"39":{"start":{"line":92,"column":17},"end":{"line":92,"column":31}},"40":{"start":{"line":93,"column":15},"end":{"line":93,"column":78}},"41":{"start":{"line":94,"column":4},"end":{"line":94,"column":75}},"42":{"start":{"line":94,"column":13},"end":{"line":94,"column":75}},"43":{"start":{"line":96,"column":20},"end":{"line":96,"column":69}},"44":{"start":{"line":97,"column":24},"end":{"line":97,"column":64}},"45":{"start":{"line":98,"column":25},"end":{"line":98,"column":66}},"46":{"start":{"line":101,"column":26},"end":{"line":101,"column":61}},"47":{"start":{"line":102,"column":22},"end":{"line":102,"column":65}},"48":{"start":{"line":103,"column":4},"end":{"line":107,"column":6}},"49":{"start":{"line":109,"column":4},"end":{"line":114,"column":7}},"50":{"start":{"line":116,"column":4},"end":{"line":116,"column":46}},"51":{"start":{"line":117,"column":4},"end":{"line":119,"column":78}},"52":{"start":{"line":124,"column":0},"end":{"line":175,"column":3}},"53":{"start":{"line":125,"column":2},"end":{"line":174,"column":3}},"54":{"start":{"line":126,"column":29},"end":{"line":126,"column":37}},"55":{"start":{"line":127,"column":4},"end":{"line":128,"column":70}},"56":{"start":{"line":128,"column":6},"end":{"line":128,"column":70}},"57":{"start":{"line":131,"column":4},"end":{"line":135,"column":5}},"58":{"start":{"line":132,"column":6},"end":{"line":132,"column":61}},"59":{"start":{"line":134,"column":6},"end":{"line":134,"column":70}},"60":{"start":{"line":138,"column":19},"end":{"line":138,"column":54}},"61":{"start":{"line":140,"column":6},"end":{"line":140,"column":94}},"62":{"start":{"line":141,"column":14},"end":{"line":141,"column":41}},"63":{"start":{"line":142,"column":4},"end":{"line":143,"column":77}},"64":{"start":{"line":143,"column":6},"end":{"line":143,"column":77}},"65":{"start":{"line":145,"column":19},"end":{"line":145,"column":36}},"66":{"start":{"line":146,"column":23},"end":{"line":150,"column":5}},"67":{"start":{"line":151,"column":24},"end":{"line":151,"column":67}},"68":{"start":{"line":152,"column":23},"end":{"line":152,"column":67}},"69":{"start":{"line":155,"column":4},"end":{"line":162,"column":6}},"70":{"start":{"line":164,"column":4},"end":{"line":164,"column":71}},"71":{"start":{"line":166,"column":4},"end":{"line":166,"column":49}},"72":{"start":{"line":167,"column":4},"end":{"line":173,"column":9}},"73":{"start":{"line":178,"column":0},"end":{"line":197,"column":3}},"74":{"start":{"line":179,"column":2},"end":{"line":196,"column":3}},"75":{"start":{"line":180,"column":29},"end":{"line":180,"column":37}},"76":{"start":{"line":181,"column":4},"end":{"line":182,"column":70}},"77":{"start":{"line":182,"column":6},"end":{"line":182,"column":70}},"78":{"start":{"line":184,"column":19},"end":{"line":184,"column":54}},"79":{"start":{"line":185,"column":4},"end":{"line":188,"column":6}},"80":{"start":{"line":190,"column":4},"end":{"line":190,"column":55}},"81":{"start":{"line":192,"column":4},"end":{"line":192,"column":42}},"82":{"start":{"line":193,"column":4},"end":{"line":195,"column":79}},"83":{"start":{"line":199,"column":0},"end":{"line":199,"column":24}}},"fnMap":{"0":{"name":"(anonymous_0)","decl":{"start":{"line":7,"column":25},"end":{"line":7,"column":26}},"loc":{"start":{"line":7,"column":45},"end":{"line":78,"column":1}},"line":7},"1":{"name":"(anonymous_1)","decl":{"start":{"line":81,"column":22},"end":{"line":81,"column":23}},"loc":{"start":{"line":81,"column":42},"end":{"line":121,"column":1}},"line":81},"2":{"name":"(anonymous_2)","decl":{"start":{"line":124,"column":30},"end":{"line":124,"column":31}},"loc":{"start":{"line":124,"column":50},"end":{"line":175,"column":1}},"line":124},"3":{"name":"(anonymous_3)","decl":{"start":{"line":178,"column":23},"end":{"line":178,"column":24}},"loc":{"start":{"line":178,"column":43},"end":{"line":197,"column":1}},"line":178}},"branchMap":{"0":{"loc":{"start":{"line":11,"column":4},"end":{"line":13,"column":5}},"type":"if","locations":[{"start":{"line":11,"column":4},"end":{"line":13,"column":5}},{"start":{},"end":{}}],"line":11},"1":{"loc":{"start":{"line":11,"column":8},"end":{"line":11,"column":27}},"type":"binary-expr","locations":[{"start":{"line":11,"column":8},"end":{"line":11,"column":14}},{"start":{"line":11,"column":18},"end":{"line":11,"column":27}}],"line":11},"2":{"loc":{"start":{"line":15,"column":4},"end":{"line":17,"column":5}},"type":"if","locations":[{"start":{"line":15,"column":4},"end":{"line":17,"column":5}},{"start":{},"end":{}}],"line":15},"3":{"loc":{"start":{"line":20,"column":4},"end":{"line":22,"column":5}},"type":"if","locations":[{"start":{"line":20,"column":4},"end":{"line":22,"column":5}},{"start":{},"end":{}}],"line":20},"4":{"loc":{"start":{"line":28,"column":4},"end":{"line":30,"column":5}},"type":"if","locations":[{"start":{"line":28,"column":4},"end":{"line":30,"column":5}},{"start":{},"end":{}}],"line":28},"5":{"loc":{"start":{"line":43,"column":6},"end":{"line":43,"column":23}},"type":"binary-expr","locations":[{"start":{"line":43,"column":6},"end":{"line":43,"column":15}},{"start":{"line":43,"column":19},"end":{"line":43,"column":23}}],"line":43},"6":{"loc":{"start":{"line":84,"column":4},"end":{"line":85,"column":76}},"type":"if","locations":[{"start":{"line":84,"column":4},"end":{"line":85,"column":76}},{"start":{},"end":{}}],"line":84},"7":{"loc":{"start":{"line":84,"column":8},"end":{"line":84,"column":27}},"type":"binary-expr","locations":[{"start":{"line":84,"column":8},"end":{"line":84,"column":14}},{"start":{"line":84,"column":18},"end":{"line":84,"column":27}}],"line":84},"8":{"loc":{"start":{"line":89,"column":4},"end":{"line":90,"column":68}},"type":"if","locations":[{"start":{"line":89,"column":4},"end":{"line":90,"column":68}},{"start":{},"end":{}}],"line":89},"9":{"loc":{"start":{"line":94,"column":4},"end":{"line":94,"column":75}},"type":"if","locations":[{"start":{"line":94,"column":4},"end":{"line":94,"column":75}},{"start":{},"end":{}}],"line":94},"10":{"loc":{"start":{"line":127,"column":4},"end":{"line":128,"column":70}},"type":"if","locations":[{"start":{"line":127,"column":4},"end":{"line":128,"column":70}},{"start":{},"end":{}}],"line":127},"11":{"loc":{"start":{"line":142,"column":4},"end":{"line":143,"column":77}},"type":"if","locations":[{"start":{"line":142,"column":4},"end":{"line":143,"column":77}},{"start":{},"end":{}}],"line":142},"12":{"loc":{"start":{"line":149,"column":12},"end":{"line":149,"column":34}},"type":"binary-expr","locations":[{"start":{"line":149,"column":12},"end":{"line":149,"column":24}},{"start":{"line":149,"column":28},"end":{"line":149,"column":34}}],"line":149},"13":{"loc":{"start":{"line":181,"column":4},"end":{"line":182,"column":70}},"type":"if","locations":[{"start":{"line":181,"column":4},"end":{"line":182,"column":70}},{"start":{},"end":{}}],"line":181}},"s":{"0":1,"1":1,"2":1,"3":1,"4":1,"5":1,"6":1,"7":1,"8":0,"9":1,"10":0,"11":1,"12":1,"13":0,"14":1,"15":1,"16":0,"17":1,"18":1,"19":1,"20":1,"21":1,"22":1,"23":1,"24":1,"25":1,"26":1,"27":1,"28":0,"29":0,"30":1,"31":1,"32":1,"33":1,"34":0,"35":1,"36":1,"37":1,"38":0,"39":1,"40":1,"41":1,"42":0,"43":1,"44":1,"45":1,"46":1,"47":1,"48":1,"49":1,"50":0,"51":0,"52":1,"53":0,"54":0,"55":0,"56":0,"57":0,"58":0,"59":0,"60":0,"61":0,"62":0,"63":0,"64":0,"65":0,"66":0,"67":0,"68":0,"69":0,"70":0,"71":0,"72":0,"73":1,"74":0,"75":0,"76":0,"77":0,"78":0,"79":0,"80":0,"81":0,"82":0,"83":1},"f":{"0":1,"1":1,"2":0,"3":0},"b":{"0":[0,1],"1":[1,1],"2":[0,1],"3":[0,1],"4":[0,1],"5":[1,1],"6":[0,1],"7":[1,1],"8":[0,1],"9":[0,1],"10":[0,0],"11":[0,0],"12":[0,0],"13":[0,0]},"_coverageSchema":"1a1c01bbd47fc00a2c39e90264f33305004495a9","hash":"340c9e397eff681107e70bd7e8cfd12a29a1da21"}
,"C:\\Users\\jaswa\\Downloads\\Prefinal\\backend\\routes\\files.js": {"path":"C:\\Users\\jaswa\\Downloads\\Prefinal\\backend\\routes\\files.js","statementMap":{"0":{"start":{"line":9,"column":16},"end":{"line":9,"column":34}},"1":{"start":{"line":10,"column":15},"end":{"line":10,"column":31}},"2":{"start":{"line":11,"column":15},"end":{"line":11,"column":32}},"3":{"start":{"line":12,"column":23},"end":{"line":12,"column":38}},"4":{"start":{"line":13,"column":11},"end":{"line":13,"column":33}},"5":{"start":{"line":14,"column":36},"end":{"line":14,"column":65}},"6":{"start":{"line":17,"column":15},"end":{"line":22,"column":2}},"7":{"start":{"line":28,"column":0},"end":{"line":132,"column":3}},"8":{"start":{"line":29,"column":2},"end":{"line":131,"column":3}},"9":{"start":{"line":31,"column":4},"end":{"line":33,"column":5}},"10":{"start":{"line":32,"column":6},"end":{"line":32,"column":65}},"11":{"start":{"line":36,"column":24},"end":{"line":36,"column":41}},"12":{"start":{"line":37,"column":4},"end":{"line":43,"column":5}},"13":{"start":{"line":38,"column":6},"end":{"line":42,"column":9}},"14":{"start":{"line":45,"column":4},"end":{"line":47,"column":5}},"15":{"start":{"line":46,"column":6},"end":{"line":46,"column":70}},"16":{"start":{"line":49,"column":4},"end":{"line":54,"column":5}},"17":{"start":{"line":50,"column":6},"end":{"line":53,"column":9}},"18":{"start":{"line":56,"column":4},"end":{"line":58,"column":5}},"19":{"start":{"line":57,"column":6},"end":{"line":57,"column":70}},"20":{"start":{"line":60,"column":4},"end":{"line":62,"column":5}},"21":{"start":{"line":61,"column":6},"end":{"line":61,"column":69}},"22":{"start":{"line":65,"column":20},"end":{"line":65,"column":37}},"23":{"start":{"line":66,"column":4},"end":{"line":68,"column":5}},"24":{"start":{"line":67,"column":6},"end":{"line":67,"column":69}},"25":{"start":{"line":71,"column":19},"end":{"line":71,"column":27}},"26":{"start":{"line":74,"column":21},"end":{"line":74,"column":62}},"27":{"start":{"line":75,"column":26},"end":{"line":75,"column":66}},"28":{"start":{"line":78,"column":18},"end":{"line":93,"column":5}},"29":{"start":{"line":95,"column":19},"end":{"line":105,"column":6}},"30":{"start":{"line":107,"column":25},"end":{"line":107,"column":39}},"31":{"start":{"line":110,"column":4},"end":{"line":110,"column":46}},"32":{"start":{"line":111,"column":4},"end":{"line":111,"column":54}},"33":{"start":{"line":112,"column":4},"end":{"line":112,"column":66}},"34":{"start":{"line":113,"column":4},"end":{"line":113,"column":55}},"35":{"start":{"line":115,"column":4},"end":{"line":122,"column":7}},"36":{"start":{"line":124,"column":4},"end":{"line":124,"column":42}},"37":{"start":{"line":125,"column":18},"end":{"line":125,"column":56}},"38":{"start":{"line":126,"column":4},"end":{"line":130,"column":7}},"39":{"start":{"line":138,"column":0},"end":{"line":198,"column":3}},"40":{"start":{"line":139,"column":2},"end":{"line":197,"column":3}},"41":{"start":{"line":142,"column":4},"end":{"line":170,"column":5}},"42":{"start":{"line":143,"column":16},"end":{"line":149,"column":7}},"43":{"start":{"line":150,"column":6},"end":{"line":150,"column":49}},"44":{"start":{"line":151,"column":11},"end":{"line":170,"column":5}},"45":{"start":{"line":152,"column":16},"end":{"line":158,"column":7}},"46":{"start":{"line":159,"column":6},"end":{"line":159,"column":49}},"47":{"start":{"line":162,"column":16},"end":{"line":168,"column":7}},"48":{"start":{"line":169,"column":6},"end":{"line":169,"column":33}},"49":{"start":{"line":172,"column":18},"end":{"line":180,"column":7}},"50":{"start":{"line":172,"column":44},"end":{"line":180,"column":5}},"51":{"start":{"line":182,"column":4},"end":{"line":182,"column":50}},"52":{"start":{"line":184,"column":4},"end":{"line":189,"column":7}},"53":{"start":{"line":191,"column":4},"end":{"line":191,"column":46}},"54":{"start":{"line":192,"column":4},"end":{"line":196,"column":7}},"55":{"start":{"line":207,"column":0},"end":{"line":299,"column":2}},"56":{"start":{"line":212,"column":4},"end":{"line":297,"column":5}},"57":{"start":{"line":213,"column":26},"end":{"line":213,"column":36}},"58":{"start":{"line":216,"column":6},"end":{"line":218,"column":7}},"59":{"start":{"line":217,"column":8},"end":{"line":217,"column":66}},"60":{"start":{"line":221,"column":20},"end":{"line":234,"column":5}},"61":{"start":{"line":236,"column":21},"end":{"line":236,"column":53}},"62":{"start":{"line":238,"column":6},"end":{"line":244,"column":7}},"63":{"start":{"line":239,"column":8},"end":{"line":243,"column":11}},"64":{"start":{"line":246,"column":19},"end":{"line":246,"column":33}},"65":{"start":{"line":249,"column":6},"end":{"line":256,"column":7}},"66":{"start":{"line":250,"column":8},"end":{"line":255,"column":9}},"67":{"start":{"line":251,"column":10},"end":{"line":254,"column":13}},"68":{"start":{"line":258,"column":6},"end":{"line":258,"column":64}},"69":{"start":{"line":259,"column":6},"end":{"line":259,"column":48}},"70":{"start":{"line":260,"column":6},"end":{"line":260,"column":60}},"71":{"start":{"line":261,"column":6},"end":{"line":263,"column":8}},"72":{"start":{"line":267,"column":6},"end":{"line":289,"column":9}},"73":{"start":{"line":291,"column":6},"end":{"line":291,"column":52}},"74":{"start":{"line":292,"column":6},"end":{"line":296,"column":9}},"75":{"start":{"line":308,"column":0},"end":{"line":394,"column":2}},"76":{"start":{"line":313,"column":4},"end":{"line":392,"column":5}},"77":{"start":{"line":314,"column":26},"end":{"line":314,"column":36}},"78":{"start":{"line":317,"column":6},"end":{"line":319,"column":7}},"79":{"start":{"line":318,"column":8},"end":{"line":318,"column":66}},"80":{"start":{"line":322,"column":25},"end":{"line":326,"column":5}},"81":{"start":{"line":328,"column":26},"end":{"line":328,"column":63}},"82":{"start":{"line":330,"column":6},"end":{"line":336,"column":7}},"83":{"start":{"line":331,"column":8},"end":{"line":335,"column":11}},"84":{"start":{"line":338,"column":19},"end":{"line":338,"column":38}},"85":{"start":{"line":341,"column":6},"end":{"line":348,"column":7}},"86":{"start":{"line":342,"column":8},"end":{"line":347,"column":9}},"87":{"start":{"line":343,"column":10},"end":{"line":346,"column":13}},"88":{"start":{"line":350,"column":6},"end":{"line":356,"column":7}},"89":{"start":{"line":351,"column":8},"end":{"line":355,"column":11}},"90":{"start":{"line":359,"column":26},"end":{"line":368,"column":5}},"91":{"start":{"line":370,"column":27},"end":{"line":370,"column":65}},"92":{"start":{"line":371,"column":26},"end":{"line":371,"column":46}},"93":{"start":{"line":373,"column":6},"end":{"line":373,"column":48}},"94":{"start":{"line":374,"column":6},"end":{"line":374,"column":55}},"95":{"start":{"line":375,"column":6},"end":{"line":375,"column":62}},"96":{"start":{"line":377,"column":6},"end":{"line":384,"column":9}},"97":{"start":{"line":386,"column":6},"end":{"line":386,"column":44}},"98":{"start":{"line":387,"column":6},"end":{"line":391,"column":9}},"99":{"start":{"line":400,"column":0},"end":{"line":400,"column":24}}},"fnMap":{"0":{"name":"(anonymous_0)","decl":{"start":{"line":28,"column":59},"end":{"line":28,"column":60}},"loc":{"start":{"line":28,"column":79},"end":{"line":132,"column":1}},"line":28},"1":{"name":"(anonymous_1)","decl":{"start":{"line":138,"column":34},"end":{"line":138,"column":35}},"loc":{"start":{"line":138,"column":54},"end":{"line":198,"column":1}},"line":138},"2":{"name":"(anonymous_2)","decl":{"start":{"line":172,"column":34},"end":{"line":172,"column":35}},"loc":{"start":{"line":172,"column":44},"end":{"line":180,"column":5}},"line":172},"3":{"name":"(anonymous_3)","decl":{"start":{"line":211,"column":2},"end":{"line":211,"column":3}},"loc":{"start":{"line":211,"column":22},"end":{"line":298,"column":3}},"line":211},"4":{"name":"(anonymous_4)","decl":{"start":{"line":312,"column":2},"end":{"line":312,"column":3}},"loc":{"start":{"line":312,"column":22},"end":{"line":393,"column":3}},"line":312}},"branchMap":{"0":{"loc":{"start":{"line":31,"column":4},"end":{"line":33,"column":5}},"type":"if","locations":[{"start":{"line":31,"column":4},"end":{"line":33,"column":5}},{"start":{},"end":{}}],"line":31},"1":{"loc":{"start":{"line":37,"column":4},"end":{"line":43,"column":5}},"type":"if","locations":[{"start":{"line":37,"column":4},"end":{"line":43,"column":5}},{"start":{},"end":{}}],"line":37},"2":{"loc":{"start":{"line":45,"column":4},"end":{"line":47,"column":5}},"type":"if","locations":[{"start":{"line":45,"column":4},"end":{"line":47,"column":5}},{"start":{},"end":{}}],"line":45},"3":{"loc":{"start":{"line":49,"column":4},"end":{"line":54,"column":5}},"type":"if","locations":[{"start":{"line":49,"column":4},"end":{"line":54,"column":5}},{"start":{},"end":{}}],"line":49},"4":{"loc":{"start":{"line":56,"column":4},"end":{"line":58,"column":5}},"type":"if","locations":[{"start":{"line":56,"column":4},"end":{"line":58,"column":5}},{"start":{},"end":{}}],"line":56},"5":{"loc":{"start":{"line":60,"column":4},"end":{"line":62,"column":5}},"type":"if","locations":[{"start":{"line":60,"column":4},"end":{"line":62,"column":5}},{"start":{},"end":{}}],"line":60},"6":{"loc":{"start":{"line":66,"column":4},"end":{"line":68,"column":5}},"type":"if","locations":[{"start":{"line":66,"column":4},"end":{"line":68,"column":5}},{"start":{},"end":{}}],"line":66},"7":{"loc":{"start":{"line":97,"column":6},"end":{"line":97,"column":52}},"type":"cond-expr","locations":[{"start":{"line":97,"column":33},"end":{"line":97,"column":45}},{"start":{"line":97,"column":48},"end":{"line":97,"column":52}}],"line":97},"8":{"loc":{"start":{"line":97,"column":6},"end":{"line":97,"column":30}},"type":"binary-expr","locations":[{"start":{"line":97,"column":6},"end":{"line":97,"column":14}},{"start":{"line":97,"column":18},"end":{"line":97,"column":30}}],"line":97},"9":{"loc":{"start":{"line":102,"column":6},"end":{"line":102,"column":53}},"type":"binary-expr","locations":[{"start":{"line":102,"column":6},"end":{"line":102,"column":23}},{"start":{"line":102,"column":27},"end":{"line":102,"column":53}}],"line":102},"10":{"loc":{"start":{"line":128,"column":15},"end":{"line":128,"column":62}},"type":"cond-expr","locations":[{"start":{"line":128,"column":23},"end":{"line":128,"column":36}},{"start":{"line":128,"column":39},"end":{"line":128,"column":62}}],"line":128},"11":{"loc":{"start":{"line":129,"column":10},"end":{"line":129,"column":43}},"type":"binary-expr","locations":[{"start":{"line":129,"column":10},"end":{"line":129,"column":15}},{"start":{"line":129,"column":19},"end":{"line":129,"column":43}}],"line":129},"12":{"loc":{"start":{"line":142,"column":4},"end":{"line":170,"column":5}},"type":"if","locations":[{"start":{"line":142,"column":4},"end":{"line":170,"column":5}},{"start":{"line":151,"column":11},"end":{"line":170,"column":5}}],"line":142},"13":{"loc":{"start":{"line":142,"column":8},"end":{"line":142,"column":44}},"type":"binary-expr","locations":[{"start":{"line":142,"column":8},"end":{"line":142,"column":16}},{"start":{"line":142,"column":20},"end":{"line":142,"column":44}}],"line":142},"14":{"loc":{"start":{"line":151,"column":11},"end":{"line":170,"column":5}},"type":"if","locations":[{"start":{"line":151,"column":11},"end":{"line":170,"column":5}},{"start":{"line":160,"column":11},"end":{"line":170,"column":5}}],"line":151},"15":{"loc":{"start":{"line":151,"column":15},"end":{"line":151,"column":52}},"type":"binary-expr","locations":[{"start":{"line":151,"column":15},"end":{"line":151,"column":23}},{"start":{"line":151,"column":27},"end":{"line":151,"column":52}}],"line":151},"16":{"loc":{"start":{"line":177,"column":18},"end":{"line":177,"column":41}},"type":"binary-expr","locations":[{"start":{"line":177,"column":18},"end":{"line":177,"column":32}},{"start":{"line":177,"column":36},"end":{"line":177,"column":41}}],"line":177},"17":{"loc":{"start":{"line":178,"column":18},"end":{"line":178,"column":70}},"type":"cond-expr","locations":[{"start":{"line":178,"column":35},"end":{"line":178,"column":63}},{"start":{"line":178,"column":66},"end":{"line":178,"column":70}}],"line":178},"18":{"loc":{"start":{"line":179,"column":14},"end":{"line":179,"column":73}},"type":"cond-expr","locations":[{"start":{"line":179,"column":31},"end":{"line":179,"column":52}},{"start":{"line":179,"column":55},"end":{"line":179,"column":73}}],"line":179},"19":{"loc":{"start":{"line":216,"column":6},"end":{"line":218,"column":7}},"type":"if","locations":[{"start":{"line":216,"column":6},"end":{"line":218,"column":7}},{"start":{},"end":{}}],"line":216},"20":{"loc":{"start":{"line":216,"column":10},"end":{"line":216,"column":40}},"type":"binary-expr","locations":[{"start":{"line":216,"column":10},"end":{"line":216,"column":18}},{"start":{"line":216,"column":22},"end":{"line":216,"column":40}}],"line":216},"21":{"loc":{"start":{"line":238,"column":6},"end":{"line":244,"column":7}},"type":"if","locations":[{"start":{"line":238,"column":6},"end":{"line":244,"column":7}},{"start":{},"end":{}}],"line":238},"22":{"loc":{"start":{"line":249,"column":6},"end":{"line":256,"column":7}},"type":"if","locations":[{"start":{"line":249,"column":6},"end":{"line":256,"column":7}},{"start":{},"end":{}}],"line":249},"23":{"loc":{"start":{"line":249,"column":10},"end":{"line":249,"column":47}},"type":"binary-expr","locations":[{"start":{"line":249,"column":10},"end":{"line":249,"column":18}},{"start":{"line":249,"column":22},"end":{"line":249,"column":47}}],"line":249},"24":{"loc":{"start":{"line":250,"column":8},"end":{"line":255,"column":9}},"type":"if","locations":[{"start":{"line":250,"column":8},"end":{"line":255,"column":9}},{"start":{},"end":{}}],"line":250},"25":{"loc":{"start":{"line":250,"column":12},"end":{"line":250,"column":59}},"type":"binary-expr","locations":[{"start":{"line":250,"column":12},"end":{"line":250,"column":25}},{"start":{"line":250,"column":29},"end":{"line":250,"column":59}}],"line":250},"26":{"loc":{"start":{"line":262,"column":22},"end":{"line":262,"column":76}},"type":"cond-expr","locations":[{"start":{"line":262,"column":40},"end":{"line":262,"column":57}},{"start":{"line":262,"column":60},"end":{"line":262,"column":76}}],"line":262},"27":{"loc":{"start":{"line":273,"column":20},"end":{"line":273,"column":44}},"type":"binary-expr","locations":[{"start":{"line":273,"column":20},"end":{"line":273,"column":35}},{"start":{"line":273,"column":39},"end":{"line":273,"column":44}}],"line":273},"28":{"loc":{"start":{"line":317,"column":6},"end":{"line":319,"column":7}},"type":"if","locations":[{"start":{"line":317,"column":6},"end":{"line":319,"column":7}},{"start":{},"end":{}}],"line":317},"29":{"loc":{"start":{"line":317,"column":10},"end":{"line":317,"column":40}},"type":"binary-expr","locations":[{"start":{"line":317,"column":10},"end":{"line":317,"column":18}},{"start":{"line":317,"column":22},"end":{"line":317,"column":40}}],"line":317},"30":{"loc":{"start":{"line":330,"column":6},"end":{"line":336,"column":7}},"type":"if","locations":[{"start":{"line":330,"column":6},"end":{"line":336,"column":7}},{"start":{},"end":{}}],"line":330},"31":{"loc":{"start":{"line":341,"column":6},"end":{"line":348,"column":7}},"type":"if","locations":[{"start":{"line":341,"column":6},"end":{"line":348,"column":7}},{"start":{},"end":{}}],"line":341},"32":{"loc":{"start":{"line":341,"column":10},"end":{"line":341,"column":47}},"type":"binary-expr","locations":[{"start":{"line":341,"column":10},"end":{"line":341,"column":18}},{"start":{"line":341,"column":22},"end":{"line":341,"column":47}}],"line":341},"33":{"loc":{"start":{"line":342,"column":8},"end":{"line":347,"column":9}},"type":"if","locations":[{"start":{"line":342,"column":8},"end":{"line":347,"column":9}},{"start":{},"end":{}}],"line":342},"34":{"loc":{"start":{"line":342,"column":12},"end":{"line":342,"column":59}},"type":"binary-expr","locations":[{"start":{"line":342,"column":12},"end":{"line":342,"column":25}},{"start":{"line":342,"column":29},"end":{"line":342,"column":59}}],"line":342},"35":{"loc":{"start":{"line":350,"column":6},"end":{"line":356,"column":7}},"type":"if","locations":[{"start":{"line":350,"column":6},"end":{"line":356,"column":7}},{"start":{},"end":{}}],"line":350}},"s":{"0":1,"1":1,"2":1,"3":1,"4":1,"5":1,"6":1,"7":1,"8":1,"9":1,"10":0,"11":1,"12":1,"13":0,"14":1,"15":0,"16":1,"17":0,"18":1,"19":0,"20":1,"21":0,"22":1,"23":1,"24":0,"25":1,"26":1,"27":1,"28":1,"29":1,"30":1,"31":1,"32":1,"33":1,"34":1,"35":1,"36":0,"37":0,"38":0,"39":1,"40":1,"41":1,"42":0,"43":0,"44":1,"45":1,"46":1,"47":0,"48":0,"49":1,"50":1,"51":1,"52":1,"53":0,"54":0,"55":1,"56":1,"57":1,"58":1,"59":0,"60":1,"61":1,"62":1,"63":0,"64":1,"65":1,"66":1,"67":0,"68":1,"69":1,"70":1,"71":1,"72":1,"73":0,"74":0,"75":1,"76":1,"77":1,"78":1,"79":0,"80":1,"81":1,"82":1,"83":0,"84":1,"85":1,"86":1,"87":0,"88":1,"89":0,"90":1,"91":1,"92":1,"93":1,"94":1,"95":1,"96":1,"97":0,"98":0,"99":1},"f":{"0":1,"1":1,"2":1,"3":1,"4":1},"b":{"0":[0,1],"1":[0,1],"2":[0,1],"3":[0,1],"4":[0,1],"5":[0,1],"6":[0,1],"7":[1,0],"8":[1,1],"9":[1,0],"10":[0,0],"11":[0,0],"12":[0,1],"13":[1,1],"14":[1,0],"15":[1,1],"16":[1,1],"17":[0,1],"18":[0,1],"19":[0,1],"20":[1,1],"21":[0,1],"22":[1,0],"23":[1,1],"24":[0,1],"25":[1,1],"26":[0,1],"27":[1,1],"28":[0,1],"29":[1,1],"30":[0,1],"31":[1,0],"32":[1,1],"33":[0,1],"34":[1,1],"35":[0,1]},"_coverageSchema":"1a1c01bbd47fc00a2c39e90264f33305004495a9","hash":"3a1ff4b9e41232440010039074072231df85901b"}
,"C:\\Users\\jaswa\\Downloads\\Prefinal\\backend\\routes\\owners.js": {"path":"C:\\Users\\jaswa\\Downloads\\Prefinal\\backend\\routes\\owners.js","statementMap":{"0":{"start":{"line":1,"column":16},"end":{"line":1,"column":34}},"1":{"start":{"line":2,"column":15},"end":{"line":2,"column":31}},"2":{"start":{"line":3,"column":11},"end":{"line":3,"column":33}},"3":{"start":{"line":4,"column":20},"end":{"line":4,"column":54}},"4":{"start":{"line":5,"column":36},"end":{"line":5,"column":65}},"5":{"start":{"line":18,"column":0},"end":{"line":100,"column":3}},"6":{"start":{"line":19,"column":2},"end":{"line":99,"column":3}},"7":{"start":{"line":20,"column":55},"end":{"line":20,"column":63}},"8":{"start":{"line":23,"column":4},"end":{"line":25,"column":5}},"9":{"start":{"line":24,"column":6},"end":{"line":24,"column":76}},"10":{"start":{"line":26,"column":4},"end":{"line":32,"column":5}},"11":{"start":{"line":27,"column":6},"end":{"line":31,"column":9}},"12":{"start":{"line":34,"column":4},"end":{"line":36,"column":5}},"13":{"start":{"line":35,"column":6},"end":{"line":35,"column":69}},"14":{"start":{"line":39,"column":4},"end":{"line":44,"column":5}},"15":{"start":{"line":40,"column":6},"end":{"line":43,"column":9}},"16":{"start":{"line":46,"column":19},"end":{"line":48,"column":6}},"17":{"start":{"line":49,"column":4},"end":{"line":51,"column":5}},"18":{"start":{"line":50,"column":6},"end":{"line":50,"column":69}},"19":{"start":{"line":53,"column":25},"end":{"line":53,"column":65}},"20":{"start":{"line":55,"column":20},"end":{"line":59,"column":5}},"21":{"start":{"line":61,"column":19},"end":{"line":66,"column":6}},"22":{"start":{"line":67,"column":18},"end":{"line":67,"column":32}},"23":{"start":{"line":69,"column":20},"end":{"line":69,"column":72}},"24":{"start":{"line":70,"column":24},"end":{"line":70,"column":64}},"25":{"start":{"line":71,"column":25},"end":{"line":71,"column":66}},"26":{"start":{"line":74,"column":26},"end":{"line":74,"column":61}},"27":{"start":{"line":75,"column":22},"end":{"line":75,"column":65}},"28":{"start":{"line":76,"column":4},"end":{"line":80,"column":6}},"29":{"start":{"line":83,"column":4},"end":{"line":90,"column":7}},"30":{"start":{"line":92,"column":4},"end":{"line":92,"column":50}},"31":{"start":{"line":93,"column":18},"end":{"line":93,"column":56}},"32":{"start":{"line":94,"column":4},"end":{"line":98,"column":7}},"33":{"start":{"line":103,"column":0},"end":{"line":151,"column":3}},"34":{"start":{"line":104,"column":2},"end":{"line":150,"column":3}},"35":{"start":{"line":105,"column":32},"end":{"line":105,"column":40}},"36":{"start":{"line":106,"column":4},"end":{"line":108,"column":5}},"37":{"start":{"line":107,"column":6},"end":{"line":107,"column":76}},"38":{"start":{"line":110,"column":19},"end":{"line":113,"column":5}},"39":{"start":{"line":114,"column":4},"end":{"line":116,"column":5}},"40":{"start":{"line":115,"column":6},"end":{"line":115,"column":68}},"41":{"start":{"line":118,"column":18},"end":{"line":118,"column":32}},"42":{"start":{"line":119,"column":15},"end":{"line":119,"column":79}},"43":{"start":{"line":120,"column":4},"end":{"line":122,"column":5}},"44":{"start":{"line":121,"column":6},"end":{"line":121,"column":68}},"45":{"start":{"line":124,"column":20},"end":{"line":124,"column":72}},"46":{"start":{"line":125,"column":24},"end":{"line":125,"column":64}},"47":{"start":{"line":126,"column":25},"end":{"line":126,"column":66}},"48":{"start":{"line":128,"column":26},"end":{"line":128,"column":61}},"49":{"start":{"line":129,"column":22},"end":{"line":129,"column":65}},"50":{"start":{"line":130,"column":4},"end":{"line":134,"column":6}},"51":{"start":{"line":136,"column":4},"end":{"line":141,"column":7}},"52":{"start":{"line":143,"column":4},"end":{"line":143,"column":47}},"53":{"start":{"line":144,"column":18},"end":{"line":144,"column":56}},"54":{"start":{"line":145,"column":4},"end":{"line":149,"column":7}},"55":{"start":{"line":155,"column":0},"end":{"line":182,"column":3}},"56":{"start":{"line":156,"column":2},"end":{"line":181,"column":3}},"57":{"start":{"line":157,"column":24},"end":{"line":157,"column":34}},"58":{"start":{"line":160,"column":4},"end":{"line":162,"column":5}},"59":{"start":{"line":161,"column":6},"end":{"line":161,"column":65}},"60":{"start":{"line":164,"column":19},"end":{"line":167,"column":5}},"61":{"start":{"line":168,"column":4},"end":{"line":170,"column":5}},"62":{"start":{"line":169,"column":6},"end":{"line":169,"column":64}},"63":{"start":{"line":172,"column":4},"end":{"line":172,"column":71}},"64":{"start":{"line":174,"column":4},"end":{"line":174,"column":50}},"65":{"start":{"line":175,"column":18},"end":{"line":175,"column":56}},"66":{"start":{"line":176,"column":4},"end":{"line":180,"column":7}},"67":{"start":{"line":186,"column":0},"end":{"line":208,"column":3}},"68":{"start":{"line":187,"column":2},"end":{"line":207,"column":3}},"69":{"start":{"line":188,"column":20},"end":{"line":188,"column":32}},"70":{"start":{"line":190,"column":19},"end":{"line":193,"column":5}},"71":{"start":{"line":194,"column":4},"end":{"line":196,"column":5}},"72":{"start":{"line":195,"column":6},"end":{"line":195,"column":64}},"73":{"start":{"line":198,"column":4},"end":{"line":198,"column":55}},"74":{"start":{"line":200,"column":4},"end":{"line":200,"column":53}},"75":{"start":{"line":201,"column":18},"end":{"line":201,"column":56}},"76":{"start":{"line":202,"column":4},"end":{"line":206,"column":7}},"77":{"start":{"line":210,"column":0},"end":{"line":210,"column":24}}},"fnMap":{"0":{"name":"(anonymous_0)","decl":{"start":{"line":18,"column":25},"end":{"line":18,"column":26}},"loc":{"start":{"line":18,"column":45},"end":{"line":100,"column":1}},"line":18},"1":{"name":"(anonymous_1)","decl":{"start":{"line":103,"column":22},"end":{"line":103,"column":23}},"loc":{"start":{"line":103,"column":42},"end":{"line":151,"column":1}},"line":103},"2":{"name":"(anonymous_2)","decl":{"start":{"line":155,"column":35},"end":{"line":155,"column":36}},"loc":{"start":{"line":155,"column":55},"end":{"line":182,"column":1}},"line":155},"3":{"name":"(anonymous_3)","decl":{"start":{"line":186,"column":54},"end":{"line":186,"column":55}},"loc":{"start":{"line":186,"column":74},"end":{"line":208,"column":1}},"line":186}},"branchMap":{"0":{"loc":{"start":{"line":23,"column":4},"end":{"line":25,"column":5}},"type":"if","locations":[{"start":{"line":23,"column":4},"end":{"line":25,"column":5}},{"start":{},"end":{}}],"line":23},"1":{"loc":{"start":{"line":23,"column":8},"end":{"line":23,"column":27}},"type":"binary-expr","locations":[{"start":{"line":23,"column":8},"end":{"line":23,"column":14}},{"start":{"line":23,"column":18},"end":{"line":23,"column":27}}],"line":23},"2":{"loc":{"start":{"line":26,"column":4},"end":{"line":32,"column":5}},"type":"if","locations":[{"start":{"line":26,"column":4},"end":{"line":32,"column":5}},{"start":{},"end":{}}],"line":26},"3":{"loc":{"start":{"line":34,"column":4},"end":{"line":36,"column":5}},"type":"if","locations":[{"start":{"line":34,"column":4},"end":{"line":36,"column":5}},{"start":{},"end":{}}],"line":34},"4":{"loc":{"start":{"line":39,"column":4},"end":{"line":44,"column":5}},"type":"if","locations":[{"start":{"line":39,"column":4},"end":{"line":44,"column":5}},{"start":{},"end":{}}],"line":39},"5":{"loc":{"start":{"line":49,"column":4},"end":{"line":51,"column":5}},"type":"if","locations":[{"start":{"line":49,"column":4},"end":{"line":51,"column":5}},{"start":{},"end":{}}],"line":49},"6":{"loc":{"start":{"line":64,"column":6},"end":{"line":64,"column":23}},"type":"binary-expr","locations":[{"start":{"line":64,"column":6},"end":{"line":64,"column":15}},{"start":{"line":64,"column":19},"end":{"line":64,"column":23}}],"line":64},"7":{"loc":{"start":{"line":97,"column":10},"end":{"line":97,"column":45}},"type":"binary-expr","locations":[{"start":{"line":97,"column":10},"end":{"line":97,"column":15}},{"start":{"line":97,"column":19},"end":{"line":97,"column":45}}],"line":97},"8":{"loc":{"start":{"line":106,"column":4},"end":{"line":108,"column":5}},"type":"if","locations":[{"start":{"line":106,"column":4},"end":{"line":108,"column":5}},{"start":{},"end":{}}],"line":106},"9":{"loc":{"start":{"line":106,"column":8},"end":{"line":106,"column":27}},"type":"binary-expr","locations":[{"start":{"line":106,"column":8},"end":{"line":106,"column":14}},{"start":{"line":106,"column":18},"end":{"line":106,"column":27}}],"line":106},"10":{"loc":{"start":{"line":114,"column":4},"end":{"line":116,"column":5}},"type":"if","locations":[{"start":{"line":114,"column":4},"end":{"line":116,"column":5}},{"start":{},"end":{}}],"line":114},"11":{"loc":{"start":{"line":120,"column":4},"end":{"line":122,"column":5}},"type":"if","locations":[{"start":{"line":120,"column":4},"end":{"line":122,"column":5}},{"start":{},"end":{}}],"line":120},"12":{"loc":{"start":{"line":148,"column":10},"end":{"line":148,"column":45}},"type":"binary-expr","locations":[{"start":{"line":148,"column":10},"end":{"line":148,"column":15}},{"start":{"line":148,"column":19},"end":{"line":148,"column":45}}],"line":148},"13":{"loc":{"start":{"line":160,"column":4},"end":{"line":162,"column":5}},"type":"if","locations":[{"start":{"line":160,"column":4},"end":{"line":162,"column":5}},{"start":{},"end":{}}],"line":160},"14":{"loc":{"start":{"line":160,"column":8},"end":{"line":160,"column":38}},"type":"binary-expr","locations":[{"start":{"line":160,"column":8},"end":{"line":160,"column":16}},{"start":{"line":160,"column":20},"end":{"line":160,"column":38}}],"line":160},"15":{"loc":{"start":{"line":168,"column":4},"end":{"line":170,"column":5}},"type":"if","locations":[{"start":{"line":168,"column":4},"end":{"line":170,"column":5}},{"start":{},"end":{}}],"line":168},"16":{"loc":{"start":{"line":179,"column":10},"end":{"line":179,"column":45}},"type":"binary-expr","locations":[{"start":{"line":179,"column":10},"end":{"line":179,"column":15}},{"start":{"line":179,"column":19},"end":{"line":179,"column":45}}],"line":179},"17":{"loc":{"start":{"line":194,"column":4},"end":{"line":196,"column":5}},"type":"if","locations":[{"start":{"line":194,"column":4},"end":{"line":196,"column":5}},{"start":{},"end":{}}],"line":194},"18":{"loc":{"start":{"line":205,"column":10},"end":{"line":205,"column":45}},"type":"binary-expr","locations":[{"start":{"line":205,"column":10},"end":{"line":205,"column":15}},{"start":{"line":205,"column":19},"end":{"line":205,"column":45}}],"line":205}},"s":{"0":1,"1":1,"2":1,"3":1,"4":1,"5":1,"6":0,"7":0,"8":0,"9":0,"10":0,"11":0,"12":0,"13":0,"14":0,"15":0,"16":0,"17":0,"18":0,"19":0,"20":0,"21":0,"22":0,"23":0,"24":0,"25":0,"26":0,"27":0,"28":0,"29":0,"30":0,"31":0,"32":0,"33":1,"34":0,"35":0,"36":0,"37":0,"38":0,"39":0,"40":0,"41":0,"42":0,"43":0,"44":0,"45":0,"46":0,"47":0,"48":0,"49":0,"50":0,"51":0,"52":0,"53":0,"54":0,"55":1,"56":0,"57":0,"58":0,"59":0,"60":0,"61":0,"62":0,"63":0,"64":0,"65":0,"66":0,"67":1,"68":0,"69":0,"70":0,"71":0,"72":0,"73":0,"74":0,"75":0,"76":0,"77":1},"f":{"0":0,"1":0,"2":0,"3":0},"b":{"0":[0,0],"1":[0,0],"2":[0,0],"3":[0,0],"4":[0,0],"5":[0,0],"6":[0,0],"7":[0,0],"8":[0,0],"9":[0,0],"10":[0,0],"11":[0,0],"12":[0,0],"13":[0,0],"14":[0,0],"15":[0,0],"16":[0,0],"17":[0,0],"18":[0,0]},"_coverageSchema":"1a1c01bbd47fc00a2c39e90264f33305004495a9","hash":"fbf6fa63fe16aec988894b278cb53cdf116c0bf5"}
,"C:\\Users\\jaswa\\Downloads\\Prefinal\\backend\\services\\authService.js": {"path":"C:\\Users\\jaswa\\Downloads\\Prefinal\\backend\\services\\authService.js","statementMap":{"0":{"start":{"line":4,"column":12},"end":{"line":4,"column":35}},"1":{"start":{"line":5,"column":15},"end":{"line":5,"column":34}},"2":{"start":{"line":6,"column":15},"end":{"line":6,"column":32}},"3":{"start":{"line":15,"column":4},"end":{"line":20,"column":5}},"4":{"start":{"line":16,"column":19},"end":{"line":16,"column":43}},"5":{"start":{"line":17,"column":6},"end":{"line":17,"column":47}},"6":{"start":{"line":19,"column":6},"end":{"line":19,"column":67}},"7":{"start":{"line":30,"column":4},"end":{"line":34,"column":5}},"8":{"start":{"line":31,"column":6},"end":{"line":31,"column":50}},"9":{"start":{"line":33,"column":6},"end":{"line":33,"column":70}},"10":{"start":{"line":44,"column":4},"end":{"line":51,"column":5}},"11":{"start":{"line":45,"column":6},"end":{"line":48,"column":9}},"12":{"start":{"line":50,"column":6},"end":{"line":50,"column":74}},"13":{"start":{"line":61,"column":4},"end":{"line":68,"column":5}},"14":{"start":{"line":62,"column":6},"end":{"line":65,"column":9}},"15":{"start":{"line":67,"column":6},"end":{"line":67,"column":75}},"16":{"start":{"line":78,"column":4},"end":{"line":84,"column":5}},"17":{"start":{"line":79,"column":6},"end":{"line":81,"column":9}},"18":{"start":{"line":83,"column":6},"end":{"line":83,"column":75}},"19":{"start":{"line":94,"column":4},"end":{"line":100,"column":5}},"20":{"start":{"line":95,"column":6},"end":{"line":97,"column":9}},"21":{"start":{"line":99,"column":6},"end":{"line":99,"column":76}},"22":{"start":{"line":109,"column":4},"end":{"line":113,"column":5}},"23":{"start":{"line":110,"column":6},"end":{"line":110,"column":31}},"24":{"start":{"line":112,"column":6},"end":{"line":112,"column":18}},"25":{"start":{"line":122,"column":4},"end":{"line":122,"column":67}},"26":{"start":{"line":131,"column":19},"end":{"line":131,"column":21}},"27":{"start":{"line":133,"column":4},"end":{"line":135,"column":5}},"28":{"start":{"line":134,"column":6},"end":{"line":134,"column":65}},"29":{"start":{"line":137,"column":4},"end":{"line":139,"column":5}},"30":{"start":{"line":138,"column":6},"end":{"line":138,"column":73}},"31":{"start":{"line":141,"column":4},"end":{"line":143,"column":5}},"32":{"start":{"line":142,"column":6},"end":{"line":142,"column":73}},"33":{"start":{"line":145,"column":4},"end":{"line":147,"column":5}},"34":{"start":{"line":146,"column":6},"end":{"line":146,"column":62}},"35":{"start":{"line":149,"column":4},"end":{"line":151,"column":5}},"36":{"start":{"line":150,"column":6},"end":{"line":150,"column":85}},"37":{"start":{"line":153,"column":4},"end":{"line":156,"column":6}},"38":{"start":{"line":165,"column":23},"end":{"line":165,"column":51}},"39":{"start":{"line":166,"column":4},"end":{"line":166,"column":34}},"40":{"start":{"line":175,"column":19},"end":{"line":175,"column":31}},"41":{"start":{"line":176,"column":15},"end":{"line":176,"column":17}},"42":{"start":{"line":177,"column":4},"end":{"line":179,"column":5}},"43":{"start":{"line":177,"column":17},"end":{"line":177,"column":18}},"44":{"start":{"line":178,"column":6},"end":{"line":178,"column":71}},"45":{"start":{"line":180,"column":4},"end":{"line":180,"column":16}},"46":{"start":{"line":184,"column":0},"end":{"line":184,"column":29}}},"fnMap":{"0":{"name":"(anonymous_0)","decl":{"start":{"line":14,"column":2},"end":{"line":14,"column":3}},"loc":{"start":{"line":14,"column":38},"end":{"line":21,"column":3}},"line":14},"1":{"name":"(anonymous_1)","decl":{"start":{"line":29,"column":2},"end":{"line":29,"column":3}},"loc":{"start":{"line":29,"column":47},"end":{"line":35,"column":3}},"line":29},"2":{"name":"(anonymous_2)","decl":{"start":{"line":43,"column":2},"end":{"line":43,"column":3}},"loc":{"start":{"line":43,"column":56},"end":{"line":52,"column":3}},"line":43},"3":{"name":"(anonymous_3)","decl":{"start":{"line":60,"column":2},"end":{"line":60,"column":3}},"loc":{"start":{"line":60,"column":57},"end":{"line":69,"column":3}},"line":60},"4":{"name":"(anonymous_4)","decl":{"start":{"line":77,"column":2},"end":{"line":77,"column":3}},"loc":{"start":{"line":77,"column":34},"end":{"line":85,"column":3}},"line":77},"5":{"name":"(anonymous_5)","decl":{"start":{"line":93,"column":2},"end":{"line":93,"column":3}},"loc":{"start":{"line":93,"column":35},"end":{"line":101,"column":3}},"line":93},"6":{"name":"(anonymous_6)","decl":{"start":{"line":108,"column":2},"end":{"line":108,"column":3}},"loc":{"start":{"line":108,"column":28},"end":{"line":114,"column":3}},"line":108},"7":{"name":"(anonymous_7)","decl":{"start":{"line":121,"column":2},"end":{"line":121,"column":3}},"loc":{"start":{"line":121,"column":26},"end":{"line":123,"column":3}},"line":121},"8":{"name":"(anonymous_8)","decl":{"start":{"line":130,"column":2},"end":{"line":130,"column":3}},"loc":{"start":{"line":130,"column":36},"end":{"line":157,"column":3}},"line":130},"9":{"name":"(anonymous_9)","decl":{"start":{"line":164,"column":2},"end":{"line":164,"column":3}},"loc":{"start":{"line":164,"column":30},"end":{"line":167,"column":3}},"line":164},"10":{"name":"(anonymous_10)","decl":{"start":{"line":174,"column":2},"end":{"line":174,"column":3}},"loc":{"start":{"line":174,"column":34},"end":{"line":181,"column":3}},"line":174}},"branchMap":{"0":{"loc":{"start":{"line":43,"column":38},"end":{"line":43,"column":54}},"type":"default-arg","locations":[{"start":{"line":43,"column":50},"end":{"line":43,"column":54}}],"line":43},"1":{"loc":{"start":{"line":60,"column":39},"end":{"line":60,"column":55}},"type":"default-arg","locations":[{"start":{"line":60,"column":51},"end":{"line":60,"column":55}}],"line":60},"2":{"loc":{"start":{"line":133,"column":4},"end":{"line":135,"column":5}},"type":"if","locations":[{"start":{"line":133,"column":4},"end":{"line":135,"column":5}},{"start":{},"end":{}}],"line":133},"3":{"loc":{"start":{"line":133,"column":8},"end":{"line":133,"column":40}},"type":"binary-expr","locations":[{"start":{"line":133,"column":8},"end":{"line":133,"column":17}},{"start":{"line":133,"column":21},"end":{"line":133,"column":40}}],"line":133},"4":{"loc":{"start":{"line":137,"column":4},"end":{"line":139,"column":5}},"type":"if","locations":[{"start":{"line":137,"column":4},"end":{"line":139,"column":5}},{"start":{},"end":{}}],"line":137},"5":{"loc":{"start":{"line":141,"column":4},"end":{"line":143,"column":5}},"type":"if","locations":[{"start":{"line":141,"column":4},"end":{"line":143,"column":5}},{"start":{},"end":{}}],"line":141},"6":{"loc":{"start":{"line":145,"column":4},"end":{"line":147,"column":5}},"type":"if","locations":[{"start":{"line":145,"column":4},"end":{"line":147,"column":5}},{"start":{},"end":{}}],"line":145},"7":{"loc":{"start":{"line":149,"column":4},"end":{"line":151,"column":5}},"type":"if","locations":[{"start":{"line":149,"column":4},"end":{"line":151,"column":5}},{"start":{},"end":{}}],"line":149},"8":{"loc":{"start":{"line":174,"column":22},"end":{"line":174,"column":32}},"type":"default-arg","locations":[{"start":{"line":174,"column":31},"end":{"line":174,"column":32}}],"line":174}},"s":{"0":1,"1":1,"2":1,"3":1,"4":1,"5":1,"6":0,"7":0,"8":0,"9":0,"10":4,"11":4,"12":0,"13":2,"14":2,"15":0,"16":4,"17":4,"18":0,"19":0,"20":0,"21":0,"22":0,"23":0,"24":0,"25":4,"26":1,"27":1,"28":0,"29":1,"30":0,"31":1,"32":0,"33":1,"34":0,"35":1,"36":0,"37":1,"38":1,"39":1,"40":0,"41":0,"42":0,"43":0,"44":0,"45":0,"46":1},"f":{"0":1,"1":0,"2":4,"3":2,"4":4,"5":0,"6":0,"7":4,"8":1,"9":1,"10":0},"b":{"0":[2],"1":[2],"2":[0,1],"3":[1,1],"4":[0,1],"5":[0,1],"6":[0,1],"7":[0,1],"8":[0]},"_coverageSchema":"1a1c01bbd47fc00a2c39e90264f33305004495a9","hash":"93f333cac5e6df2346f52e4ae022e94e05cb6bda"}
}
