TN:
SF:database.js
FN:22,(anonymous_0)
FN:27,(anonymous_1)
FN:33,(anonymous_2)
FNF:3
FNH:0
FNDA:0,(anonymous_0)
FNDA:0,(anonymous_1)
FNDA:0,(anonymous_2)
DA:6,1
DA:7,1
DA:10,1
DA:22,1
DA:23,0
DA:27,1
DA:28,0
DA:32,1
DA:33,0
LF:9
LH:6
BRDA:11,0,0,1
BRDA:11,0,1,0
BRDA:12,1,0,1
BRDA:12,1,1,0
BRDA:13,2,0,1
BRDA:13,2,1,0
BRDA:14,3,0,1
BRDA:14,3,1,0
BRDA:15,4,0,1
BRDA:15,4,1,0
BRF:10
BRH:5
end_of_record
TN:
SF:server.js
FN:61,(anonymous_0)
FN:80,(anonymous_1)
FN:105,(anonymous_2)
FN:122,(anonymous_3)
FNF:4
FNH:0
FNDA:0,(anonymous_0)
FNDA:0,(anonymous_1)
FNDA:0,(anonymous_2)
FNDA:0,(anonymous_3)
DA:4,1
DA:5,1
DA:6,1
DA:7,1
DA:8,1
DA:9,1
DA:12,1
DA:19,1
DA:38,1
DA:48,1
DA:49,1
DA:52,1
DA:55,1
DA:61,1
DA:62,0
DA:64,0
DA:65,0
DA:67,0
DA:80,1
DA:81,0
DA:89,1
DA:92,1
DA:93,1
DA:105,1
DA:106,0
DA:118,1
DA:121,1
DA:122,0
DA:123,0
DA:124,0
DA:125,0
DA:126,0
DA:127,0
DA:131,1
LF:34
LH:22
BRDA:40,0,0,1
BRDA:40,0,1,0
BRDA:64,1,0,0
BRDA:64,1,1,0
BRDA:65,2,0,0
BRDA:65,2,1,0
BRDA:118,3,0,1
BRDA:118,3,1,0
BRDA:121,4,0,0
BRDA:121,4,1,1
BRDA:126,5,0,0
BRDA:126,5,1,0
BRF:12
BRH:3
end_of_record
TN:
SF:middleware\auth.js
FN:9,(anonymous_0)
FN:47,(anonymous_1)
FN:48,(anonymous_2)
FN:72,(anonymous_3)
FN:75,(anonymous_4)
FN:86,(anonymous_5)
FN:111,(anonymous_6)
FN:112,(anonymous_7)
FNF:8
FNH:3
FNDA:4,(anonymous_0)
FNDA:2,(anonymous_1)
FNDA:2,(anonymous_2)
FNDA:0,(anonymous_3)
FNDA:0,(anonymous_4)
FNDA:0,(anonymous_5)
FNDA:0,(anonymous_6)
FNDA:0,(anonymous_7)
DA:4,1
DA:9,1
DA:10,4
DA:11,4
DA:13,4
DA:14,0
DA:21,4
DA:23,4
DA:24,4
DA:25,4
DA:26,4
DA:27,4
DA:29,0
DA:36,0
DA:47,1
DA:48,2
DA:49,2
DA:50,0
DA:57,2
DA:58,0
DA:65,2
DA:72,1
DA:73,0
DA:75,0
DA:76,0
DA:77,0
DA:79,0
DA:80,0
DA:83,0
DA:86,0
DA:88,0
DA:89,0
DA:97,0
DA:98,0
DA:100,0
DA:101,0
DA:102,0
DA:104,0
DA:111,1
DA:112,0
DA:114,0
DA:116,0
DA:117,0
DA:118,0
DA:127,0
DA:128,0
DA:129,0
DA:137,0
DA:139,0
DA:148,1
LF:50
LH:19
BRDA:13,0,0,0
BRDA:13,0,1,4
BRDA:13,1,0,4
BRDA:13,1,1,4
BRDA:47,2,0,0
BRDA:49,3,0,0
BRDA:49,3,1,2
BRDA:57,4,0,0
BRDA:57,4,1,2
BRDA:72,5,0,0
BRDA:72,6,0,0
BRDA:79,7,0,0
BRDA:79,7,1,0
BRDA:88,8,0,0
BRDA:88,8,1,0
BRDA:116,9,0,0
BRDA:116,9,1,0
BRDA:117,10,0,0
BRDA:117,10,1,0
BRDA:127,11,0,0
BRDA:127,11,1,0
BRDA:128,12,0,0
BRDA:128,12,1,0
BRDA:128,13,0,0
BRDA:128,13,1,0
BRF:25
BRH:5
end_of_record
TN:
SF:routes\auth.js
FN:7,(anonymous_0)
FN:81,(anonymous_1)
FN:124,(anonymous_2)
FN:178,(anonymous_3)
FNF:4
FNH:2
FNDA:1,(anonymous_0)
FNDA:1,(anonymous_1)
FNDA:0,(anonymous_2)
FNDA:0,(anonymous_3)
DA:1,1
DA:2,1
DA:3,1
DA:4,1
DA:7,1
DA:8,1
DA:9,1
DA:11,1
DA:12,0
DA:15,1
DA:16,0
DA:19,1
DA:20,1
DA:21,0
DA:25,1
DA:28,1
DA:29,0
DA:32,1
DA:34,1
DA:40,1
DA:45,1
DA:47,1
DA:48,1
DA:49,1
DA:52,1
DA:53,1
DA:54,1
DA:60,1
DA:69,0
DA:70,0
DA:81,1
DA:82,1
DA:83,1
DA:84,1
DA:85,0
DA:87,1
DA:88,1
DA:89,1
DA:90,0
DA:92,1
DA:93,1
DA:94,1
DA:96,1
DA:97,1
DA:98,1
DA:101,1
DA:102,1
DA:103,1
DA:109,1
DA:116,0
DA:117,0
DA:124,1
DA:125,0
DA:126,0
DA:127,0
DA:128,0
DA:131,0
DA:132,0
DA:134,0
DA:138,0
DA:140,0
DA:141,0
DA:142,0
DA:143,0
DA:145,0
DA:146,0
DA:151,0
DA:152,0
DA:155,0
DA:164,0
DA:166,0
DA:167,0
DA:178,1
DA:179,0
DA:180,0
DA:181,0
DA:182,0
DA:184,0
DA:185,0
DA:190,0
DA:192,0
DA:193,0
DA:199,1
LF:83
LH:44
BRDA:11,0,0,0
BRDA:11,0,1,1
BRDA:11,1,0,1
BRDA:11,1,1,1
BRDA:15,2,0,0
BRDA:15,2,1,1
BRDA:20,3,0,0
BRDA:20,3,1,1
BRDA:28,4,0,0
BRDA:28,4,1,1
BRDA:43,5,0,1
BRDA:43,5,1,1
BRDA:84,6,0,0
BRDA:84,6,1,1
BRDA:84,7,0,1
BRDA:84,7,1,1
BRDA:89,8,0,0
BRDA:89,8,1,1
BRDA:94,9,0,0
BRDA:94,9,1,1
BRDA:127,10,0,0
BRDA:127,10,1,0
BRDA:142,11,0,0
BRDA:142,11,1,0
BRDA:149,12,0,0
BRDA:149,12,1,0
BRDA:181,13,0,0
BRDA:181,13,1,0
BRF:28
BRH:13
end_of_record
TN:
SF:routes\files.js
FN:28,(anonymous_0)
FN:120,(anonymous_1)
FN:154,(anonymous_2)
FN:193,(anonymous_3)
FN:296,(anonymous_4)
FNF:5
FNH:5
FNDA:1,(anonymous_0)
FNDA:1,(anonymous_1)
FNDA:1,(anonymous_2)
FNDA:1,(anonymous_3)
FNDA:1,(anonymous_4)
DA:9,1
DA:10,1
DA:11,1
DA:12,1
DA:13,1
DA:14,1
DA:17,1
DA:28,1
DA:29,1
DA:31,1
DA:32,0
DA:35,1
DA:36,0
DA:39,1
DA:40,0
DA:43,1
DA:44,0
DA:48,1
DA:49,1
DA:50,0
DA:54,1
DA:57,1
DA:58,1
DA:61,1
DA:78,1
DA:90,1
DA:93,1
DA:94,1
DA:95,1
DA:96,1
DA:98,1
DA:107,0
DA:108,0
DA:120,1
DA:121,1
DA:124,1
DA:125,0
DA:132,0
DA:133,1
DA:134,1
DA:141,1
DA:144,0
DA:151,0
DA:154,1
DA:164,1
DA:166,1
DA:173,0
DA:174,0
DA:189,1
DA:194,1
DA:195,1
DA:198,1
DA:199,0
DA:203,1
DA:218,1
DA:220,1
DA:221,0
DA:228,1
DA:231,1
DA:232,1
DA:233,0
DA:242,1
DA:243,1
DA:244,1
DA:245,1
DA:251,1
DA:275,0
DA:276,0
DA:292,1
DA:297,1
DA:298,1
DA:301,1
DA:302,0
DA:306,1
DA:312,1
DA:314,1
DA:315,0
DA:322,1
DA:325,1
DA:326,1
DA:327,0
DA:336,1
DA:337,0
DA:345,1
DA:356,1
DA:357,1
DA:359,1
DA:360,1
DA:361,1
DA:363,1
DA:372,0
DA:373,0
DA:386,1
LF:93
LH:69
BRDA:31,0,0,0
BRDA:31,0,1,1
BRDA:35,1,0,0
BRDA:35,1,1,1
BRDA:39,2,0,0
BRDA:39,2,1,1
BRDA:43,3,0,0
BRDA:43,3,1,1
BRDA:49,4,0,0
BRDA:49,4,1,1
BRDA:80,5,0,1
BRDA:80,5,1,0
BRDA:80,6,0,1
BRDA:80,6,1,1
BRDA:85,7,0,1
BRDA:85,7,1,0
BRDA:124,8,0,0
BRDA:124,8,1,1
BRDA:124,9,0,1
BRDA:124,9,1,1
BRDA:133,10,0,1
BRDA:133,10,1,0
BRDA:133,11,0,1
BRDA:133,11,1,1
BRDA:159,12,0,1
BRDA:159,12,1,1
BRDA:160,13,0,0
BRDA:160,13,1,1
BRDA:161,14,0,0
BRDA:161,14,1,1
BRDA:198,15,0,0
BRDA:198,15,1,1
BRDA:198,16,0,1
BRDA:198,16,1,1
BRDA:220,17,0,0
BRDA:220,17,1,1
BRDA:231,18,0,1
BRDA:231,18,1,0
BRDA:231,19,0,1
BRDA:231,19,1,1
BRDA:232,20,0,0
BRDA:232,20,1,1
BRDA:232,21,0,1
BRDA:232,21,1,1
BRDA:246,22,0,0
BRDA:246,22,1,1
BRDA:257,23,0,1
BRDA:257,23,1,1
BRDA:301,24,0,0
BRDA:301,24,1,1
BRDA:301,25,0,1
BRDA:301,25,1,1
BRDA:314,26,0,0
BRDA:314,26,1,1
BRDA:325,27,0,1
BRDA:325,27,1,0
BRDA:325,28,0,1
BRDA:325,28,1,1
BRDA:326,29,0,0
BRDA:326,29,1,1
BRDA:326,30,0,1
BRDA:326,30,1,1
BRDA:336,31,0,0
BRDA:336,31,1,1
BRF:64
BRH:43
end_of_record
TN:
SF:routes\owners.js
FN:8,(anonymous_0)
FN:81,(anonymous_1)
FN:129,(anonymous_2)
FNF:3
FNH:0
FNDA:0,(anonymous_0)
FNDA:0,(anonymous_1)
FNDA:0,(anonymous_2)
DA:1,1
DA:2,1
DA:3,1
DA:4,1
DA:5,1
DA:8,1
DA:9,0
DA:10,0
DA:11,0
DA:12,0
DA:13,0
DA:14,0
DA:16,0
DA:19,0
DA:20,0
DA:22,0
DA:25,0
DA:31,0
DA:37,0
DA:43,0
DA:45,0
DA:46,0
DA:47,0
DA:50,0
DA:51,0
DA:52,0
DA:59,0
DA:69,0
DA:70,0
DA:81,1
DA:82,0
DA:83,0
DA:84,0
DA:85,0
DA:87,0
DA:91,0
DA:92,0
DA:94,0
DA:95,0
DA:96,0
DA:98,0
DA:99,0
DA:100,0
DA:102,0
DA:103,0
DA:104,0
DA:110,0
DA:117,0
DA:118,0
DA:129,1
DA:130,0
DA:131,0
DA:132,0
DA:136,0
DA:137,0
DA:138,0
DA:140,0
DA:141,0
DA:151,1
LF:59
LH:9
BRDA:11,0,0,0
BRDA:11,0,1,0
BRDA:11,1,0,0
BRDA:11,1,1,0
BRDA:13,2,0,0
BRDA:13,2,1,0
BRDA:19,3,0,0
BRDA:19,3,1,0
BRDA:40,4,0,0
BRDA:40,4,1,0
BRDA:84,5,0,0
BRDA:84,5,1,0
BRDA:84,6,0,0
BRDA:84,6,1,0
BRDA:91,7,0,0
BRDA:91,7,1,0
BRDA:96,8,0,0
BRDA:96,8,1,0
BRDA:136,9,0,0
BRDA:136,9,1,0
BRF:20
BRH:0
end_of_record
TN:
SF:services\authService.js
FN:14,(anonymous_0)
FN:29,(anonymous_1)
FN:43,(anonymous_2)
FN:60,(anonymous_3)
FN:77,(anonymous_4)
FN:93,(anonymous_5)
FN:108,(anonymous_6)
FN:121,(anonymous_7)
FN:130,(anonymous_8)
FN:164,(anonymous_9)
FN:174,(anonymous_10)
FNF:11
FNH:7
FNDA:1,(anonymous_0)
FNDA:0,(anonymous_1)
FNDA:4,(anonymous_2)
FNDA:2,(anonymous_3)
FNDA:4,(anonymous_4)
FNDA:0,(anonymous_5)
FNDA:0,(anonymous_6)
FNDA:4,(anonymous_7)
FNDA:1,(anonymous_8)
FNDA:1,(anonymous_9)
FNDA:0,(anonymous_10)
DA:4,1
DA:5,1
DA:6,1
DA:15,1
DA:16,1
DA:17,1
DA:19,0
DA:30,0
DA:31,0
DA:33,0
DA:44,4
DA:45,4
DA:50,0
DA:61,2
DA:62,2
DA:67,0
DA:78,4
DA:79,4
DA:83,0
DA:94,0
DA:95,0
DA:99,0
DA:109,0
DA:110,0
DA:112,0
DA:122,4
DA:131,1
DA:133,1
DA:134,0
DA:137,1
DA:138,0
DA:141,1
DA:142,0
DA:145,1
DA:146,0
DA:149,1
DA:150,0
DA:153,1
DA:165,1
DA:166,1
DA:175,0
DA:176,0
DA:177,0
DA:178,0
DA:180,0
DA:184,1
LF:46
LH:23
BRDA:43,0,0,2
BRDA:60,1,0,2
BRDA:133,2,0,0
BRDA:133,2,1,1
BRDA:133,3,0,1
BRDA:133,3,1,1
BRDA:137,4,0,0
BRDA:137,4,1,1
BRDA:141,5,0,0
BRDA:141,5,1,1
BRDA:145,6,0,0
BRDA:145,6,1,1
BRDA:149,7,0,0
BRDA:149,7,1,1
BRDA:174,8,0,0
BRF:15
BRH:9
end_of_record
