TN:
SF:database.js
FN:22,(anonymous_0)
FN:27,(anonymous_1)
FN:33,(anonymous_2)
FNF:3
FNH:0
FNDA:0,(anonymous_0)
FNDA:0,(anonymous_1)
FNDA:0,(anonymous_2)
DA:6,1
DA:7,1
DA:10,1
DA:22,1
DA:23,0
DA:27,1
DA:28,0
DA:32,1
DA:33,0
LF:9
LH:6
BRDA:11,0,0,1
BRDA:11,0,1,0
BRDA:12,1,0,1
BRDA:12,1,1,0
BRDA:13,2,0,1
BRDA:13,2,1,0
BRDA:14,3,0,1
BRDA:14,3,1,0
BRDA:15,4,0,1
BRDA:15,4,1,0
BRF:10
BRH:5
end_of_record
TN:
SF:server.js
FN:69,(anonymous_0)
FN:95,(anonymous_1)
FN:114,(anonymous_2)
FN:139,(anonymous_3)
FN:156,(anonymous_4)
FNF:5
FNH:0
FNDA:0,(anonymous_0)
FNDA:0,(anonymous_1)
FNDA:0,(anonymous_2)
FNDA:0,(anonymous_3)
FNDA:0,(anonymous_4)
DA:4,1
DA:5,1
DA:6,1
DA:7,1
DA:8,1
DA:9,1
DA:16,1
DA:17,1
DA:18,1
DA:19,0
DA:21,1
DA:22,0
DA:27,1
DA:28,0
DA:32,1
DA:39,1
DA:58,1
DA:68,1
DA:69,0
DA:70,0
DA:71,0
DA:77,0
DA:82,1
DA:83,1
DA:86,1
DA:89,1
DA:95,1
DA:96,0
DA:98,0
DA:99,0
DA:101,0
DA:114,1
DA:115,0
DA:123,1
DA:126,1
DA:127,1
DA:139,1
DA:140,0
DA:152,1
DA:155,1
DA:156,0
DA:157,0
DA:158,0
DA:159,0
DA:160,0
DA:161,0
DA:165,1
LF:47
LH:28
BRDA:18,0,0,0
BRDA:18,0,1,1
BRDA:21,1,0,0
BRDA:21,1,1,1
BRDA:21,2,0,1
BRDA:21,2,1,1
BRDA:27,3,0,0
BRDA:27,3,1,1
BRDA:27,4,0,1
BRDA:27,4,1,0
BRDA:60,5,0,1
BRDA:60,5,1,0
BRDA:68,6,0,0
BRDA:68,6,1,1
BRDA:70,7,0,0
BRDA:70,7,1,0
BRDA:70,8,0,0
BRDA:70,8,1,0
BRDA:98,9,0,0
BRDA:98,9,1,0
BRDA:99,10,0,0
BRDA:99,10,1,0
BRDA:152,11,0,1
BRDA:152,11,1,0
BRDA:155,12,0,0
BRDA:155,12,1,1
BRDA:160,13,0,0
BRDA:160,13,1,0
BRF:28
BRH:10
end_of_record
TN:
SF:middleware\auth.js
FN:9,(anonymous_0)
FN:47,(anonymous_1)
FN:48,(anonymous_2)
FN:72,(anonymous_3)
FN:75,(anonymous_4)
FN:86,(anonymous_5)
FN:111,(anonymous_6)
FN:112,(anonymous_7)
FNF:8
FNH:3
FNDA:4,(anonymous_0)
FNDA:2,(anonymous_1)
FNDA:2,(anonymous_2)
FNDA:0,(anonymous_3)
FNDA:0,(anonymous_4)
FNDA:0,(anonymous_5)
FNDA:0,(anonymous_6)
FNDA:0,(anonymous_7)
DA:4,1
DA:9,1
DA:10,4
DA:11,4
DA:13,4
DA:14,0
DA:21,4
DA:23,4
DA:24,4
DA:25,4
DA:26,4
DA:27,4
DA:29,0
DA:36,0
DA:47,1
DA:48,2
DA:49,2
DA:50,0
DA:57,2
DA:58,0
DA:65,2
DA:72,1
DA:73,0
DA:75,0
DA:76,0
DA:77,0
DA:79,0
DA:80,0
DA:83,0
DA:86,0
DA:88,0
DA:89,0
DA:97,0
DA:98,0
DA:100,0
DA:101,0
DA:102,0
DA:104,0
DA:111,1
DA:112,0
DA:114,0
DA:116,0
DA:117,0
DA:118,0
DA:127,0
DA:128,0
DA:129,0
DA:137,0
DA:139,0
DA:148,1
LF:50
LH:19
BRDA:13,0,0,0
BRDA:13,0,1,4
BRDA:13,1,0,4
BRDA:13,1,1,4
BRDA:47,2,0,0
BRDA:49,3,0,0
BRDA:49,3,1,2
BRDA:57,4,0,0
BRDA:57,4,1,2
BRDA:72,5,0,0
BRDA:72,6,0,0
BRDA:79,7,0,0
BRDA:79,7,1,0
BRDA:88,8,0,0
BRDA:88,8,1,0
BRDA:116,9,0,0
BRDA:116,9,1,0
BRDA:117,10,0,0
BRDA:117,10,1,0
BRDA:127,11,0,0
BRDA:127,11,1,0
BRDA:128,12,0,0
BRDA:128,12,1,0
BRDA:128,13,0,0
BRDA:128,13,1,0
BRF:25
BRH:5
end_of_record
TN:
SF:routes\auth.js
FN:7,(anonymous_0)
FN:81,(anonymous_1)
FN:124,(anonymous_2)
FN:178,(anonymous_3)
FNF:4
FNH:2
FNDA:1,(anonymous_0)
FNDA:1,(anonymous_1)
FNDA:0,(anonymous_2)
FNDA:0,(anonymous_3)
DA:1,1
DA:2,1
DA:3,1
DA:4,1
DA:7,1
DA:8,1
DA:9,1
DA:11,1
DA:12,0
DA:15,1
DA:16,0
DA:19,1
DA:20,1
DA:21,0
DA:25,1
DA:28,1
DA:29,0
DA:32,1
DA:34,1
DA:40,1
DA:45,1
DA:47,1
DA:48,1
DA:49,1
DA:52,1
DA:53,1
DA:54,1
DA:60,1
DA:69,0
DA:70,0
DA:81,1
DA:82,1
DA:83,1
DA:84,1
DA:85,0
DA:87,1
DA:88,1
DA:89,1
DA:90,0
DA:92,1
DA:93,1
DA:94,1
DA:96,1
DA:97,1
DA:98,1
DA:101,1
DA:102,1
DA:103,1
DA:109,1
DA:116,0
DA:117,0
DA:124,1
DA:125,0
DA:126,0
DA:127,0
DA:128,0
DA:131,0
DA:132,0
DA:134,0
DA:138,0
DA:140,0
DA:141,0
DA:142,0
DA:143,0
DA:145,0
DA:146,0
DA:151,0
DA:152,0
DA:155,0
DA:164,0
DA:166,0
DA:167,0
DA:178,1
DA:179,0
DA:180,0
DA:181,0
DA:182,0
DA:184,0
DA:185,0
DA:190,0
DA:192,0
DA:193,0
DA:199,1
LF:83
LH:44
BRDA:11,0,0,0
BRDA:11,0,1,1
BRDA:11,1,0,1
BRDA:11,1,1,1
BRDA:15,2,0,0
BRDA:15,2,1,1
BRDA:20,3,0,0
BRDA:20,3,1,1
BRDA:28,4,0,0
BRDA:28,4,1,1
BRDA:43,5,0,1
BRDA:43,5,1,1
BRDA:84,6,0,0
BRDA:84,6,1,1
BRDA:84,7,0,1
BRDA:84,7,1,1
BRDA:89,8,0,0
BRDA:89,8,1,1
BRDA:94,9,0,0
BRDA:94,9,1,1
BRDA:127,10,0,0
BRDA:127,10,1,0
BRDA:142,11,0,0
BRDA:142,11,1,0
BRDA:149,12,0,0
BRDA:149,12,1,0
BRDA:181,13,0,0
BRDA:181,13,1,0
BRF:28
BRH:13
end_of_record
TN:
SF:routes\files.js
FN:28,(anonymous_0)
FN:138,(anonymous_1)
FN:172,(anonymous_2)
FN:211,(anonymous_3)
FN:314,(anonymous_4)
FNF:5
FNH:5
FNDA:1,(anonymous_0)
FNDA:1,(anonymous_1)
FNDA:1,(anonymous_2)
FNDA:1,(anonymous_3)
FNDA:1,(anonymous_4)
DA:9,1
DA:10,1
DA:11,1
DA:12,1
DA:13,1
DA:14,1
DA:17,1
DA:28,1
DA:29,1
DA:31,1
DA:32,0
DA:36,1
DA:37,1
DA:38,0
DA:45,1
DA:46,0
DA:49,1
DA:50,0
DA:56,1
DA:57,0
DA:60,1
DA:61,0
DA:65,1
DA:66,1
DA:67,0
DA:71,1
DA:74,1
DA:75,1
DA:78,1
DA:95,1
DA:107,1
DA:110,1
DA:111,1
DA:112,1
DA:113,1
DA:115,1
DA:124,0
DA:125,0
DA:126,0
DA:138,1
DA:139,1
DA:142,1
DA:143,0
DA:150,0
DA:151,1
DA:152,1
DA:159,1
DA:162,0
DA:169,0
DA:172,1
DA:182,1
DA:184,1
DA:191,0
DA:192,0
DA:207,1
DA:212,1
DA:213,1
DA:216,1
DA:217,0
DA:221,1
DA:236,1
DA:238,1
DA:239,0
DA:246,1
DA:249,1
DA:250,1
DA:251,0
DA:260,1
DA:261,1
DA:262,1
DA:263,1
DA:269,1
DA:293,0
DA:294,0
DA:310,1
DA:315,1
DA:316,1
DA:319,1
DA:320,0
DA:324,1
DA:330,1
DA:332,1
DA:333,0
DA:340,1
DA:343,1
DA:344,1
DA:345,0
DA:354,1
DA:355,0
DA:363,1
DA:374,1
DA:375,1
DA:377,1
DA:378,1
DA:379,1
DA:381,1
DA:390,0
DA:391,0
DA:404,1
LF:99
LH:72
BRDA:31,0,0,0
BRDA:31,0,1,1
BRDA:37,1,0,0
BRDA:37,1,1,1
BRDA:45,2,0,0
BRDA:45,2,1,1
BRDA:49,3,0,0
BRDA:49,3,1,1
BRDA:56,4,0,0
BRDA:56,4,1,1
BRDA:60,5,0,0
BRDA:60,5,1,1
BRDA:66,6,0,0
BRDA:66,6,1,1
BRDA:97,7,0,1
BRDA:97,7,1,0
BRDA:97,8,0,1
BRDA:97,8,1,1
BRDA:102,9,0,1
BRDA:102,9,1,0
BRDA:128,10,0,0
BRDA:128,10,1,0
BRDA:129,11,0,0
BRDA:129,11,1,0
BRDA:142,12,0,0
BRDA:142,12,1,1
BRDA:142,13,0,1
BRDA:142,13,1,1
BRDA:151,14,0,1
BRDA:151,14,1,0
BRDA:151,15,0,1
BRDA:151,15,1,1
BRDA:177,16,0,1
BRDA:177,16,1,1
BRDA:178,17,0,0
BRDA:178,17,1,1
BRDA:179,18,0,0
BRDA:179,18,1,1
BRDA:216,19,0,0
BRDA:216,19,1,1
BRDA:216,20,0,1
BRDA:216,20,1,1
BRDA:238,21,0,0
BRDA:238,21,1,1
BRDA:249,22,0,1
BRDA:249,22,1,0
BRDA:249,23,0,1
BRDA:249,23,1,1
BRDA:250,24,0,0
BRDA:250,24,1,1
BRDA:250,25,0,1
BRDA:250,25,1,1
BRDA:264,26,0,0
BRDA:264,26,1,1
BRDA:275,27,0,1
BRDA:275,27,1,1
BRDA:319,28,0,0
BRDA:319,28,1,1
BRDA:319,29,0,1
BRDA:319,29,1,1
BRDA:332,30,0,0
BRDA:332,30,1,1
BRDA:343,31,0,1
BRDA:343,31,1,0
BRDA:343,32,0,1
BRDA:343,32,1,1
BRDA:344,33,0,0
BRDA:344,33,1,1
BRDA:344,34,0,1
BRDA:344,34,1,1
BRDA:354,35,0,0
BRDA:354,35,1,1
BRF:72
BRH:45
end_of_record
TN:
SF:routes\owners.js
FN:8,(anonymous_0)
FN:81,(anonymous_1)
FN:129,(anonymous_2)
FNF:3
FNH:0
FNDA:0,(anonymous_0)
FNDA:0,(anonymous_1)
FNDA:0,(anonymous_2)
DA:1,1
DA:2,1
DA:3,1
DA:4,1
DA:5,1
DA:8,1
DA:9,0
DA:10,0
DA:11,0
DA:12,0
DA:13,0
DA:14,0
DA:16,0
DA:19,0
DA:20,0
DA:22,0
DA:25,0
DA:31,0
DA:37,0
DA:43,0
DA:45,0
DA:46,0
DA:47,0
DA:50,0
DA:51,0
DA:52,0
DA:59,0
DA:69,0
DA:70,0
DA:81,1
DA:82,0
DA:83,0
DA:84,0
DA:85,0
DA:87,0
DA:91,0
DA:92,0
DA:94,0
DA:95,0
DA:96,0
DA:98,0
DA:99,0
DA:100,0
DA:102,0
DA:103,0
DA:104,0
DA:110,0
DA:117,0
DA:118,0
DA:129,1
DA:130,0
DA:131,0
DA:132,0
DA:136,0
DA:137,0
DA:138,0
DA:140,0
DA:141,0
DA:151,1
LF:59
LH:9
BRDA:11,0,0,0
BRDA:11,0,1,0
BRDA:11,1,0,0
BRDA:11,1,1,0
BRDA:13,2,0,0
BRDA:13,2,1,0
BRDA:19,3,0,0
BRDA:19,3,1,0
BRDA:40,4,0,0
BRDA:40,4,1,0
BRDA:84,5,0,0
BRDA:84,5,1,0
BRDA:84,6,0,0
BRDA:84,6,1,0
BRDA:91,7,0,0
BRDA:91,7,1,0
BRDA:96,8,0,0
BRDA:96,8,1,0
BRDA:136,9,0,0
BRDA:136,9,1,0
BRF:20
BRH:0
end_of_record
TN:
SF:services\authService.js
FN:14,(anonymous_0)
FN:29,(anonymous_1)
FN:43,(anonymous_2)
FN:60,(anonymous_3)
FN:77,(anonymous_4)
FN:93,(anonymous_5)
FN:108,(anonymous_6)
FN:121,(anonymous_7)
FN:130,(anonymous_8)
FN:164,(anonymous_9)
FN:174,(anonymous_10)
FNF:11
FNH:7
FNDA:1,(anonymous_0)
FNDA:0,(anonymous_1)
FNDA:4,(anonymous_2)
FNDA:2,(anonymous_3)
FNDA:4,(anonymous_4)
FNDA:0,(anonymous_5)
FNDA:0,(anonymous_6)
FNDA:4,(anonymous_7)
FNDA:1,(anonymous_8)
FNDA:1,(anonymous_9)
FNDA:0,(anonymous_10)
DA:4,1
DA:5,1
DA:6,1
DA:15,1
DA:16,1
DA:17,1
DA:19,0
DA:30,0
DA:31,0
DA:33,0
DA:44,4
DA:45,4
DA:50,0
DA:61,2
DA:62,2
DA:67,0
DA:78,4
DA:79,4
DA:83,0
DA:94,0
DA:95,0
DA:99,0
DA:109,0
DA:110,0
DA:112,0
DA:122,4
DA:131,1
DA:133,1
DA:134,0
DA:137,1
DA:138,0
DA:141,1
DA:142,0
DA:145,1
DA:146,0
DA:149,1
DA:150,0
DA:153,1
DA:165,1
DA:166,1
DA:175,0
DA:176,0
DA:177,0
DA:178,0
DA:180,0
DA:184,1
LF:46
LH:23
BRDA:43,0,0,2
BRDA:60,1,0,2
BRDA:133,2,0,0
BRDA:133,2,1,1
BRDA:133,3,0,1
BRDA:133,3,1,1
BRDA:137,4,0,0
BRDA:137,4,1,1
BRDA:141,5,0,0
BRDA:141,5,1,1
BRDA:145,6,0,0
BRDA:145,6,1,1
BRDA:149,7,0,0
BRDA:149,7,1,1
BRDA:174,8,0,0
BRF:15
BRH:9
end_of_record
